{"/Users/davidlevy/Projects/meteorologic/src/cache.ts": {"path":"/Users/davidlevy/Projects/meteorologic/src/cache.ts","statementMap":{"0":{"start":{"line":50,"column":0},"end":{"line":50,"column":7}},"1":{"start":{"line":182,"column":0},"end":{"line":182,"column":7}},"2":{"start":{"line":242,"column":0},"end":{"line":242,"column":7}},"3":{"start":{"line":258,"column":0},"end":{"line":258,"column":7}},"4":{"start":{"line":278,"column":0},"end":{"line":278,"column":7}},"5":{"start":{"line":1,"column":0},"end":{"line":1,"column":36}},"6":{"start":{"line":2,"column":0},"end":{"line":2,"column":24}},"7":{"start":{"line":36,"column":20},"end":{"line":36,"column":54}},"8":{"start":{"line":39,"column":18},"end":{"line":39,"column":51}},"9":{"start":{"line":42,"column":51},"end":{"line":45,"column":2}},"10":{"start":{"line":51,"column":2},"end":{"line":56,"column":3}},"11":{"start":{"line":52,"column":4},"end":{"line":52,"column":51}},"12":{"start":{"line":53,"column":4},"end":{"line":53,"column":62}},"13":{"start":{"line":55,"column":4},"end":{"line":55,"column":64}},"14":{"start":{"line":63,"column":2},"end":{"line":65,"column":3}},"15":{"start":{"line":64,"column":4},"end":{"line":64,"column":27}},"16":{"start":{"line":66,"column":2},"end":{"line":69,"column":3}},"17":{"start":{"line":67,"column":36},"end":{"line":67,"column":42}},"18":{"start":{"line":68,"column":4},"end":{"line":68,"column":49}},"19":{"start":{"line":70,"column":2},"end":{"line":70,"column":14}},"20":{"start":{"line":77,"column":2},"end":{"line":77,"column":45}},"21":{"start":{"line":84,"column":2},"end":{"line":84,"column":43}},"22":{"start":{"line":91,"column":17},"end":{"line":91,"column":37}},"23":{"start":{"line":92,"column":2},"end":{"line":94,"column":3}},"24":{"start":{"line":93,"column":4},"end":{"line":93,"column":16}},"25":{"start":{"line":96,"column":2},"end":{"line":99,"column":3}},"26":{"start":{"line":97,"column":4},"end":{"line":97,"column":28}},"27":{"start":{"line":98,"column":4},"end":{"line":98,"column":16}},"28":{"start":{"line":101,"column":2},"end":{"line":101,"column":44}},"29":{"start":{"line":102,"column":2},"end":{"line":102,"column":21}},"30":{"start":{"line":109,"column":2},"end":{"line":112,"column":5}},"31":{"start":{"line":113,"column":2},"end":{"line":113,"column":44}},"32":{"start":{"line":120,"column":2},"end":{"line":137,"column":3}},"33":{"start":{"line":121,"column":21},"end":{"line":121,"column":42}},"34":{"start":{"line":122,"column":24},"end":{"line":122,"column":59}},"35":{"start":{"line":123,"column":34},"end":{"line":123,"column":57}},"36":{"start":{"line":125,"column":4},"end":{"line":128,"column":5}},"37":{"start":{"line":126,"column":6},"end":{"line":126,"column":32}},"38":{"start":{"line":127,"column":6},"end":{"line":127,"column":18}},"39":{"start":{"line":130,"column":4},"end":{"line":130,"column":44}},"40":{"start":{"line":132,"column":4},"end":{"line":132,"column":34}},"41":{"start":{"line":133,"column":4},"end":{"line":133,"column":23}},"42":{"start":{"line":136,"column":4},"end":{"line":136,"column":16}},"43":{"start":{"line":144,"column":2},"end":{"line":154,"column":3}},"44":{"start":{"line":145,"column":21},"end":{"line":145,"column":42}},"45":{"start":{"line":146,"column":37},"end":{"line":149,"column":6}},"46":{"start":{"line":150,"column":4},"end":{"line":150,"column":68}},"47":{"start":{"line":151,"column":4},"end":{"line":151,"column":44}},"48":{"start":{"line":153,"column":4},"end":{"line":153,"column":65}},"49":{"start":{"line":187,"column":14},"end":{"line":187,"column":39}},"50":{"start":{"line":188,"column":2},"end":{"line":188,"column":24}},"51":{"start":{"line":188,"column":12},"end":{"line":188,"column":24}},"52":{"start":{"line":191,"column":19},"end":{"line":191,"column":60}},"53":{"start":{"line":194,"column":21},"end":{"line":194,"column":52}},"54":{"start":{"line":195,"column":2},"end":{"line":197,"column":3}},"55":{"start":{"line":196,"column":4},"end":{"line":196,"column":22}},"56":{"start":{"line":200,"column":19},"end":{"line":200,"column":54}},"57":{"start":{"line":201,"column":2},"end":{"line":203,"column":3}},"58":{"start":{"line":202,"column":4},"end":{"line":202,"column":20}},"59":{"start":{"line":205,"column":2},"end":{"line":205,"column":38}},"60":{"start":{"line":208,"column":2},"end":{"line":234,"column":3}},"61":{"start":{"line":209,"column":4},"end":{"line":233,"column":5}},"62":{"start":{"line":210,"column":6},"end":{"line":210,"column":49}},"63":{"start":{"line":211,"column":19},"end":{"line":211,"column":42}},"64":{"start":{"line":214,"column":6},"end":{"line":217,"column":7}},"65":{"start":{"line":215,"column":8},"end":{"line":215,"column":84}},"66":{"start":{"line":216,"column":8},"end":{"line":216,"column":76}},"67":{"start":{"line":220,"column":6},"end":{"line":222,"column":7}},"68":{"start":{"line":221,"column":8},"end":{"line":221,"column":83}},"69":{"start":{"line":225,"column":6},"end":{"line":225,"column":29}},"70":{"start":{"line":226,"column":6},"end":{"line":226,"column":33}},"71":{"start":{"line":228,"column":6},"end":{"line":228,"column":18}},"72":{"start":{"line":230,"column":6},"end":{"line":230,"column":64}},"73":{"start":{"line":232,"column":6},"end":{"line":232,"column":18}},"74":{"start":{"line":236,"column":2},"end":{"line":236,"column":14}},"75":{"start":{"line":247,"column":14},"end":{"line":247,"column":39}},"76":{"start":{"line":248,"column":2},"end":{"line":248,"column":19}},"77":{"start":{"line":248,"column":12},"end":{"line":248,"column":19}},"78":{"start":{"line":251,"column":2},"end":{"line":251,"column":25}},"79":{"start":{"line":252,"column":2},"end":{"line":252,"column":29}},"80":{"start":{"line":260,"column":2},"end":{"line":260,"column":22}},"81":{"start":{"line":261,"column":2},"end":{"line":261,"column":40}},"82":{"start":{"line":264,"column":2},"end":{"line":272,"column":3}},"83":{"start":{"line":265,"column":18},"end":{"line":265,"column":45}},"84":{"start":{"line":266,"column":4},"end":{"line":268,"column":6}},"85":{"start":{"line":267,"column":24},"end":{"line":267,"column":61}},"86":{"start":{"line":269,"column":4},"end":{"line":269,"column":40}},"87":{"start":{"line":271,"column":4},"end":{"line":271,"column":55}},"88":{"start":{"line":279,"column":21},"end":{"line":279,"column":37}},"89":{"start":{"line":281,"column":18},"end":{"line":281,"column":19}},"90":{"start":{"line":282,"column":22},"end":{"line":282,"column":23}},"91":{"start":{"line":284,"column":2},"end":{"line":295,"column":3}},"92":{"start":{"line":285,"column":18},"end":{"line":285,"column":45}},"93":{"start":{"line":286,"column":4},"end":{"line":286,"column":29}},"94":{"start":{"line":288,"column":4},"end":{"line":292,"column":5}},"95":{"start":{"line":289,"column":23},"end":{"line":289,"column":49}},"96":{"start":{"line":290,"column":20},"end":{"line":290,"column":43}},"97":{"start":{"line":291,"column":6},"end":{"line":291,"column":34}},"98":{"start":{"line":297,"column":2},"end":{"line":306,"column":4}}},"fnMap":{"0":{"name":"initCache","decl":{"start":{"line":50,"column":22},"end":{"line":50,"column":31}},"loc":{"start":{"line":50,"column":31},"end":{"line":57,"column":1}}},"1":{"name":"getCacheKey","decl":{"start":{"line":62,"column":9},"end":{"line":62,"column":20}},"loc":{"start":{"line":62,"column":62},"end":{"line":71,"column":1}}},"2":{"name":"getCacheFilePath","decl":{"start":{"line":76,"column":9},"end":{"line":76,"column":25}},"loc":{"start":{"line":76,"column":37},"end":{"line":78,"column":1}}},"3":{"name":"isExpired","decl":{"start":{"line":83,"column":9},"end":{"line":83,"column":18}},"loc":{"start":{"line":83,"column":54},"end":{"line":85,"column":1}}},"4":{"name":"getFromMemory","decl":{"start":{"line":90,"column":9},"end":{"line":90,"column":22}},"loc":{"start":{"line":90,"column":55},"end":{"line":103,"column":1}}},"5":{"name":"setInMemory","decl":{"start":{"line":108,"column":9},"end":{"line":108,"column":20}},"loc":{"start":{"line":108,"column":44},"end":{"line":114,"column":1}}},"6":{"name":"getFromFile","decl":{"start":{"line":119,"column":15},"end":{"line":119,"column":26}},"loc":{"start":{"line":119,"column":59},"end":{"line":138,"column":1}}},"7":{"name":"setInFile","decl":{"start":{"line":143,"column":15},"end":{"line":143,"column":24}},"loc":{"start":{"line":143,"column":48},"end":{"line":155,"column":1}}},"8":{"name":"get","decl":{"start":{"line":182,"column":22},"end":{"line":182,"column":25}},"loc":{"start":{"line":185,"column":31},"end":{"line":237,"column":1}}},"9":{"name":"set","decl":{"start":{"line":242,"column":22},"end":{"line":242,"column":25}},"loc":{"start":{"line":245,"column":26},"end":{"line":253,"column":1}}},"10":{"name":"clear","decl":{"start":{"line":258,"column":22},"end":{"line":258,"column":27}},"loc":{"start":{"line":258,"column":27},"end":{"line":273,"column":1}}},"11":{"name":"(anonymous_12)","decl":{"start":{"line":267,"column":16},"end":{"line":267,"column":20}},"loc":{"start":{"line":267,"column":24},"end":{"line":267,"column":61}}},"12":{"name":"getStats","decl":{"start":{"line":278,"column":22},"end":{"line":278,"column":30}},"loc":{"start":{"line":278,"column":30},"end":{"line":307,"column":1}}}},"branchMap":{"0":{"loc":{"start":{"line":62,"column":38},"end":{"line":62,"column":62}},"type":"default-arg","locations":[{"start":{"line":62,"column":60},"end":{"line":62,"column":62}}]},"1":{"loc":{"start":{"line":63,"column":2},"end":{"line":65,"column":3}},"type":"if","locations":[{"start":{"line":63,"column":2},"end":{"line":65,"column":3}},{"start":{},"end":{}}]},"2":{"loc":{"start":{"line":66,"column":2},"end":{"line":69,"column":3}},"type":"if","locations":[{"start":{"line":66,"column":2},"end":{"line":69,"column":3}},{"start":{},"end":{}}]},"3":{"loc":{"start":{"line":92,"column":2},"end":{"line":94,"column":3}},"type":"if","locations":[{"start":{"line":92,"column":2},"end":{"line":94,"column":3}},{"start":{},"end":{}}]},"4":{"loc":{"start":{"line":96,"column":2},"end":{"line":99,"column":3}},"type":"if","locations":[{"start":{"line":96,"column":2},"end":{"line":99,"column":3}},{"start":{},"end":{}}]},"5":{"loc":{"start":{"line":125,"column":4},"end":{"line":128,"column":5}},"type":"if","locations":[{"start":{"line":125,"column":4},"end":{"line":128,"column":5}},{"start":{},"end":{}}]},"6":{"loc":{"start":{"line":184,"column":2},"end":{"line":184,"column":26}},"type":"default-arg","locations":[{"start":{"line":184,"column":24},"end":{"line":184,"column":26}}]},"7":{"loc":{"start":{"line":185,"column":2},"end":{"line":185,"column":31}},"type":"default-arg","locations":[{"start":{"line":185,"column":29},"end":{"line":185,"column":31}}]},"8":{"loc":{"start":{"line":188,"column":2},"end":{"line":188,"column":24}},"type":"if","locations":[{"start":{"line":188,"column":2},"end":{"line":188,"column":24}},{"start":{},"end":{}}]},"9":{"loc":{"start":{"line":191,"column":19},"end":{"line":191,"column":60}},"type":"binary-expr","locations":[{"start":{"line":191,"column":19},"end":{"line":191,"column":35}},{"start":{"line":191,"column":39},"end":{"line":191,"column":60}}]},"10":{"loc":{"start":{"line":195,"column":2},"end":{"line":197,"column":3}},"type":"if","locations":[{"start":{"line":195,"column":2},"end":{"line":197,"column":3}},{"start":{},"end":{}}]},"11":{"loc":{"start":{"line":201,"column":2},"end":{"line":203,"column":3}},"type":"if","locations":[{"start":{"line":201,"column":2},"end":{"line":203,"column":3}},{"start":{},"end":{}}]},"12":{"loc":{"start":{"line":208,"column":2},"end":{"line":234,"column":3}},"type":"if","locations":[{"start":{"line":208,"column":2},"end":{"line":234,"column":3}},{"start":{},"end":{}}]},"13":{"loc":{"start":{"line":208,"column":6},"end":{"line":208,"column":62}},"type":"binary-expr","locations":[{"start":{"line":208,"column":6},"end":{"line":208,"column":21}},{"start":{"line":208,"column":25},"end":{"line":208,"column":62}}]},"14":{"loc":{"start":{"line":214,"column":6},"end":{"line":217,"column":7}},"type":"if","locations":[{"start":{"line":214,"column":6},"end":{"line":217,"column":7}},{"start":{},"end":{}}]},"15":{"loc":{"start":{"line":214,"column":10},"end":{"line":214,"column":45}},"type":"binary-expr","locations":[{"start":{"line":214,"column":10},"end":{"line":214,"column":23}},{"start":{"line":214,"column":27},"end":{"line":214,"column":45}}]},"16":{"loc":{"start":{"line":220,"column":6},"end":{"line":222,"column":7}},"type":"if","locations":[{"start":{"line":220,"column":6},"end":{"line":222,"column":7}},{"start":{},"end":{}}]},"17":{"loc":{"start":{"line":220,"column":10},"end":{"line":220,"column":50}},"type":"binary-expr","locations":[{"start":{"line":220,"column":10},"end":{"line":220,"column":29}},{"start":{"line":220,"column":33},"end":{"line":220,"column":50}}]},"18":{"loc":{"start":{"line":245,"column":2},"end":{"line":245,"column":26}},"type":"default-arg","locations":[{"start":{"line":245,"column":24},"end":{"line":245,"column":26}}]},"19":{"loc":{"start":{"line":248,"column":2},"end":{"line":248,"column":19}},"type":"if","locations":[{"start":{"line":248,"column":2},"end":{"line":248,"column":19}},{"start":{},"end":{}}]}},"s":{"0":0,"1":0,"2":0,"3":0,"4":0,"5":0,"6":0,"7":0,"8":0,"9":0,"10":0,"11":0,"12":0,"13":0,"14":0,"15":0,"16":0,"17":0,"18":0,"19":0,"20":0,"21":0,"22":0,"23":0,"24":0,"25":0,"26":0,"27":0,"28":0,"29":0,"30":0,"31":0,"32":0,"33":0,"34":0,"35":0,"36":0,"37":0,"38":0,"39":0,"40":0,"41":0,"42":0,"43":0,"44":0,"45":0,"46":0,"47":0,"48":0,"49":0,"50":0,"51":0,"52":0,"53":0,"54":0,"55":0,"56":0,"57":0,"58":0,"59":0,"60":0,"61":0,"62":0,"63":0,"64":0,"65":0,"66":0,"67":0,"68":0,"69":0,"70":0,"71":0,"72":0,"73":0,"74":0,"75":0,"76":0,"77":0,"78":0,"79":0,"80":0,"81":0,"82":0,"83":0,"84":0,"85":0,"86":0,"87":0,"88":0,"89":0,"90":0,"91":0,"92":0,"93":0,"94":0,"95":0,"96":0,"97":0,"98":0},"f":{"0":0,"1":0,"2":0,"3":0,"4":0,"5":0,"6":0,"7":0,"8":0,"9":0,"10":0,"11":0,"12":0},"b":{"0":[0],"1":[0,0],"2":[0,0],"3":[0,0],"4":[0,0],"5":[0,0],"6":[0],"7":[0],"8":[0,0],"9":[0,0],"10":[0,0],"11":[0,0],"12":[0,0],"13":[0,0],"14":[0,0],"15":[0,0],"16":[0,0],"17":[0,0],"18":[0],"19":[0,0]}}
,"/Users/davidlevy/Projects/meteorologic/src/cityStationMapping.ts": {"path":"/Users/davidlevy/Projects/meteorologic/src/cityStationMapping.ts","statementMap":{"0":{"start":{"line":141,"column":0},"end":{"line":141,"column":16}},"1":{"start":{"line":176,"column":0},"end":{"line":176,"column":16}},"2":{"start":{"line":183,"column":0},"end":{"line":183,"column":16}},"3":{"start":{"line":20,"column":13},"end":{"line":111,"column":2}},"4":{"start":{"line":122,"column":12},"end":{"line":122,"column":16}},"5":{"start":{"line":123,"column":15},"end":{"line":123,"column":44}},"6":{"start":{"line":124,"column":15},"end":{"line":124,"column":44}},"7":{"start":{"line":126,"column":4},"end":{"line":130,"column":22}},"8":{"start":{"line":131,"column":12},"end":{"line":131,"column":58}},"9":{"start":{"line":132,"column":2},"end":{"line":132,"column":15}},"10":{"start":{"line":145,"column":33},"end":{"line":145,"column":37}},"11":{"start":{"line":146,"column":20},"end":{"line":146,"column":28}},"12":{"start":{"line":148,"column":2},"end":{"line":160,"column":3}},"13":{"start":{"line":149,"column":21},"end":{"line":153,"column":null}},"14":{"start":{"line":156,"column":4},"end":{"line":159,"column":5}},"15":{"start":{"line":157,"column":6},"end":{"line":157,"column":29}},"16":{"start":{"line":158,"column":6},"end":{"line":158,"column":25}},"17":{"start":{"line":162,"column":2},"end":{"line":165,"column":3}},"18":{"start":{"line":164,"column":4},"end":{"line":164,"column":28}},"19":{"start":{"line":167,"column":2},"end":{"line":170,"column":4}},"20":{"start":{"line":177,"column":2},"end":{"line":177,"column":49}},"21":{"start":{"line":177,"column":29},"end":{"line":177,"column":47}},"22":{"start":{"line":184,"column":2},"end":{"line":184,"column":16}}},"fnMap":{"0":{"name":"calculateDistance","decl":{"start":{"line":116,"column":9},"end":{"line":116,"column":26}},"loc":{"start":{"line":120,"column":14},"end":{"line":133,"column":1}}},"1":{"name":"findNearestCity","decl":{"start":{"line":141,"column":16},"end":{"line":141,"column":31}},"loc":{"start":{"line":143,"column":19},"end":{"line":171,"column":1}}},"2":{"name":"getCityById","decl":{"start":{"line":176,"column":16},"end":{"line":176,"column":27}},"loc":{"start":{"line":176,"column":42},"end":{"line":178,"column":1}}},"3":{"name":"(anonymous_3)","decl":{"start":{"line":177,"column":21},"end":{"line":177,"column":25}},"loc":{"start":{"line":177,"column":29},"end":{"line":177,"column":47}}},"4":{"name":"getAllCities","decl":{"start":{"line":183,"column":16},"end":{"line":183,"column":28}},"loc":{"start":{"line":183,"column":28},"end":{"line":185,"column":1}}}},"branchMap":{"0":{"loc":{"start":{"line":156,"column":4},"end":{"line":159,"column":5}},"type":"if","locations":[{"start":{"line":156,"column":4},"end":{"line":159,"column":5}},{"start":{},"end":{}}]},"1":{"loc":{"start":{"line":162,"column":2},"end":{"line":165,"column":3}},"type":"if","locations":[{"start":{"line":162,"column":2},"end":{"line":165,"column":3}},{"start":{},"end":{}}]}},"s":{"0":0,"1":0,"2":0,"3":0,"4":0,"5":0,"6":0,"7":0,"8":0,"9":0,"10":0,"11":0,"12":0,"13":0,"14":0,"15":0,"16":0,"17":0,"18":0,"19":0,"20":0,"21":0,"22":0},"f":{"0":0,"1":0,"2":0,"3":0,"4":0},"b":{"0":[0,0],"1":[0,0]}}
,"/Users/davidlevy/Projects/meteorologic/src/config.ts": {"path":"/Users/davidlevy/Projects/meteorologic/src/config.ts","statementMap":{"0":{"start":{"line":7,"column":0},"end":{"line":7,"column":28}},"1":{"start":{"line":11,"column":0},"end":{"line":11,"column":16}},"2":{"start":{"line":14,"column":13},"end":{"line":19,"column":11}},"3":{"start":{"line":22,"column":0},"end":{"line":26,"column":1}},"4":{"start":{"line":23,"column":2},"end":{"line":23,"column":79}},"5":{"start":{"line":24,"column":2},"end":{"line":24,"column":84}},"6":{"start":{"line":25,"column":2},"end":{"line":25,"column":18}}},"fnMap":{},"branchMap":{"0":{"loc":{"start":{"line":15,"column":17},"end":{"line":15,"column":48}},"type":"binary-expr","locations":[{"start":{"line":15,"column":17},"end":{"line":15,"column":42}},{"start":{"line":15,"column":46},"end":{"line":15,"column":48}}]},"1":{"loc":{"start":{"line":16,"column":8},"end":{"line":16,"column":34}},"type":"binary-expr","locations":[{"start":{"line":16,"column":8},"end":{"line":16,"column":24}},{"start":{"line":16,"column":28},"end":{"line":16,"column":34}}]},"2":{"loc":{"start":{"line":18,"column":12},"end":{"line":18,"column":49}},"type":"binary-expr","locations":[{"start":{"line":18,"column":12},"end":{"line":18,"column":32}},{"start":{"line":18,"column":36},"end":{"line":18,"column":49}}]},"3":{"loc":{"start":{"line":22,"column":0},"end":{"line":26,"column":1}},"type":"if","locations":[{"start":{"line":22,"column":0},"end":{"line":26,"column":1}},{"start":{},"end":{}}]}},"s":{"0":0,"1":0,"2":0,"3":0,"4":0,"5":0,"6":0},"f":{},"b":{"0":[0,0],"1":[0,0],"2":[0,0],"3":[0,0]}}
,"/Users/davidlevy/Projects/meteorologic/src/forecastAdapter.ts": {"path":"/Users/davidlevy/Projects/meteorologic/src/forecastAdapter.ts","statementMap":{"0":{"start":{"line":168,"column":0},"end":{"line":168,"column":16}},"1":{"start":{"line":189,"column":0},"end":{"line":189,"column":16}},"2":{"start":{"line":224,"column":0},"end":{"line":224,"column":16}},"3":{"start":{"line":252,"column":0},"end":{"line":252,"column":16}},"4":{"start":{"line":263,"column":0},"end":{"line":263,"column":16}},"5":{"start":{"line":28,"column":21},"end":{"line":28,"column":71}},"6":{"start":{"line":29,"column":2},"end":{"line":34,"column":3}},"7":{"start":{"line":30,"column":16},"end":{"line":30,"column":29}},"8":{"start":{"line":31,"column":16},"end":{"line":31,"column":29}},"9":{"start":{"line":32,"column":16},"end":{"line":32,"column":74}},"10":{"start":{"line":33,"column":4},"end":{"line":33,"column":29}},"11":{"start":{"line":37,"column":22},"end":{"line":37,"column":77}},"12":{"start":{"line":38,"column":2},"end":{"line":41,"column":3}},"13":{"start":{"line":39,"column":17},"end":{"line":39,"column":49}},"14":{"start":{"line":40,"column":4},"end":{"line":40,"column":25}},"15":{"start":{"line":43,"column":2},"end":{"line":43,"column":12}},"16":{"start":{"line":51,"column":16},"end":{"line":51,"column":80}},"17":{"start":{"line":52,"column":2},"end":{"line":54,"column":3}},"18":{"start":{"line":53,"column":4},"end":{"line":53,"column":44}},"19":{"start":{"line":55,"column":2},"end":{"line":55,"column":19}},"20":{"start":{"line":65,"column":19},"end":{"line":65,"column":56}},"21":{"start":{"line":66,"column":2},"end":{"line":70,"column":3}},"22":{"start":{"line":67,"column":16},"end":{"line":67,"column":37}},"23":{"start":{"line":68,"column":15},"end":{"line":68,"column":37}},"24":{"start":{"line":69,"column":4},"end":{"line":69,"column":14}},"25":{"start":{"line":73,"column":21},"end":{"line":73,"column":59}},"26":{"start":{"line":74,"column":2},"end":{"line":78,"column":3}},"27":{"start":{"line":75,"column":18},"end":{"line":75,"column":41}},"28":{"start":{"line":76,"column":15},"end":{"line":76,"column":44}},"29":{"start":{"line":77,"column":4},"end":{"line":77,"column":14}},"30":{"start":{"line":81,"column":18},"end":{"line":81,"column":54}},"31":{"start":{"line":82,"column":2},"end":{"line":84,"column":3}},"32":{"start":{"line":83,"column":4},"end":{"line":83,"column":22}},"33":{"start":{"line":86,"column":2},"end":{"line":86,"column":19}},"34":{"start":{"line":95,"column":48},"end":{"line":104,"column":4}},"35":{"start":{"line":106,"column":25},"end":{"line":106,"column":192}},"36":{"start":{"line":108,"column":2},"end":{"line":114,"column":3}},"37":{"start":{"line":109,"column":22},"end":{"line":109,"column":53}},"38":{"start":{"line":110,"column":20},"end":{"line":110,"column":41}},"39":{"start":{"line":111,"column":4},"end":{"line":113,"column":5}},"40":{"start":{"line":112,"column":6},"end":{"line":112,"column":32}},"41":{"start":{"line":116,"column":2},"end":{"line":116,"column":19}},"42":{"start":{"line":124,"column":16},"end":{"line":124,"column":87}},"43":{"start":{"line":125,"column":2},"end":{"line":127,"column":3}},"44":{"start":{"line":126,"column":4},"end":{"line":126,"column":20}},"45":{"start":{"line":130,"column":2},"end":{"line":132,"column":3}},"46":{"start":{"line":131,"column":4},"end":{"line":131,"column":15}},"47":{"start":{"line":134,"column":2},"end":{"line":134,"column":19}},"48":{"start":{"line":143,"column":19},"end":{"line":143,"column":79}},"49":{"start":{"line":144,"column":2},"end":{"line":146,"column":3}},"50":{"start":{"line":145,"column":4},"end":{"line":145,"column":23}},"51":{"start":{"line":149,"column":20},"end":{"line":149,"column":139}},"52":{"start":{"line":150,"column":2},"end":{"line":160,"column":3}},"53":{"start":{"line":151,"column":46},"end":{"line":155,"column":6}},"54":{"start":{"line":156,"column":18},"end":{"line":156,"column":68}},"55":{"start":{"line":157,"column":16},"end":{"line":157,"column":45}},"56":{"start":{"line":158,"column":17},"end":{"line":158,"column":29}},"57":{"start":{"line":159,"column":4},"end":{"line":159,"column":37}},"58":{"start":{"line":162,"column":2},"end":{"line":162,"column":19}},"59":{"start":{"line":169,"column":15},"end":{"line":169,"column":58}},"60":{"start":{"line":170,"column":15},"end":{"line":170,"column":39}},"61":{"start":{"line":172,"column":2},"end":{"line":182,"column":4}},"62":{"start":{"line":193,"column":39},"end":{"line":193,"column":41}},"63":{"start":{"line":196,"column":2},"end":{"line":216,"column":3}},"64":{"start":{"line":197,"column":21},"end":{"line":197,"column":33}},"65":{"start":{"line":198,"column":22},"end":{"line":198,"column":51}},"66":{"start":{"line":200,"column":16},"end":{"line":200,"column":26}},"67":{"start":{"line":203,"column":4},"end":{"line":215,"column":5}},"68":{"start":{"line":203,"column":17},"end":{"line":203,"column":18}},"69":{"start":{"line":204,"column":19},"end":{"line":204,"column":63}},"70":{"start":{"line":205,"column":22},"end":{"line":205,"column":79}},"71":{"start":{"line":207,"column":6},"end":{"line":214,"column":9}},"72":{"start":{"line":218,"column":2},"end":{"line":218,"column":20}},"73":{"start":{"line":227,"column":37},"end":{"line":227,"column":39}},"74":{"start":{"line":229,"column":2},"end":{"line":244,"column":3}},"75":{"start":{"line":230,"column":22},"end":{"line":230,"column":51}},"76":{"start":{"line":233,"column":17},"end":{"line":233,"column":107}},"77":{"start":{"line":235,"column":4},"end":{"line":243,"column":7}},"78":{"start":{"line":246,"column":2},"end":{"line":246,"column":19}},"79":{"start":{"line":253,"column":2},"end":{"line":257,"column":4}},"80":{"start":{"line":271,"column":24},"end":{"line":278,"column":4}},"81":{"start":{"line":280,"column":2},"end":{"line":284,"column":3}},"82":{"start":{"line":281,"column":4},"end":{"line":281,"column":65}},"83":{"start":{"line":283,"column":4},"end":{"line":283,"column":56}},"84":{"start":{"line":286,"column":2},"end":{"line":286,"column":18}}},"fnMap":{"0":{"name":"extractTemperature","decl":{"start":{"line":26,"column":9},"end":{"line":26,"column":27}},"loc":{"start":{"line":26,"column":40},"end":{"line":44,"column":1}}},"1":{"name":"extractHumidity","decl":{"start":{"line":50,"column":9},"end":{"line":50,"column":24}},"loc":{"start":{"line":50,"column":37},"end":{"line":56,"column":1}}},"2":{"name":"extractWindSpeed","decl":{"start":{"line":63,"column":9},"end":{"line":63,"column":25}},"loc":{"start":{"line":63,"column":38},"end":{"line":87,"column":1}}},"3":{"name":"extractWindDirection","decl":{"start":{"line":94,"column":9},"end":{"line":94,"column":29}},"loc":{"start":{"line":94,"column":42},"end":{"line":117,"column":1}}},"4":{"name":"extractRainfall","decl":{"start":{"line":123,"column":9},"end":{"line":123,"column":24}},"loc":{"start":{"line":123,"column":37},"end":{"line":135,"column":1}}},"5":{"name":"extractDate","decl":{"start":{"line":141,"column":9},"end":{"line":141,"column":20}},"loc":{"start":{"line":141,"column":55},"end":{"line":163,"column":1}}},"6":{"name":"extractForecastData","decl":{"start":{"line":168,"column":16},"end":{"line":168,"column":35}},"loc":{"start":{"line":168,"column":60},"end":{"line":183,"column":1}}},"7":{"name":"convertToHourlyFormat","decl":{"start":{"line":189,"column":16},"end":{"line":189,"column":37}},"loc":{"start":{"line":191,"column":36},"end":{"line":219,"column":1}}},"8":{"name":"convertToDailyFormat","decl":{"start":{"line":224,"column":16},"end":{"line":224,"column":36}},"loc":{"start":{"line":225,"column":29},"end":{"line":247,"column":1}}},"9":{"name":"createFallbackResponse","decl":{"start":{"line":252,"column":16},"end":{"line":252,"column":38}},"loc":{"start":{"line":252,"column":54},"end":{"line":258,"column":1}}},"10":{"name":"formatForecastResponse","decl":{"start":{"line":263,"column":16},"end":{"line":263,"column":38}},"loc":{"start":{"line":269,"column":29},"end":{"line":287,"column":1}}}},"branchMap":{"0":{"loc":{"start":{"line":29,"column":2},"end":{"line":34,"column":3}},"type":"if","locations":[{"start":{"line":29,"column":2},"end":{"line":34,"column":3}},{"start":{},"end":{}}]},"1":{"loc":{"start":{"line":38,"column":2},"end":{"line":41,"column":3}},"type":"if","locations":[{"start":{"line":38,"column":2},"end":{"line":41,"column":3}},{"start":{},"end":{}}]},"2":{"loc":{"start":{"line":39,"column":17},"end":{"line":39,"column":49}},"type":"binary-expr","locations":[{"start":{"line":39,"column":17},"end":{"line":39,"column":31}},{"start":{"line":39,"column":35},"end":{"line":39,"column":49}}]},"3":{"loc":{"start":{"line":52,"column":2},"end":{"line":54,"column":3}},"type":"if","locations":[{"start":{"line":52,"column":2},"end":{"line":54,"column":3}},{"start":{},"end":{}}]},"4":{"loc":{"start":{"line":53,"column":11},"end":{"line":53,"column":43}},"type":"binary-expr","locations":[{"start":{"line":53,"column":11},"end":{"line":53,"column":19}},{"start":{"line":53,"column":23},"end":{"line":53,"column":31}},{"start":{"line":53,"column":35},"end":{"line":53,"column":43}}]},"5":{"loc":{"start":{"line":66,"column":2},"end":{"line":70,"column":3}},"type":"if","locations":[{"start":{"line":66,"column":2},"end":{"line":70,"column":3}},{"start":{},"end":{}}]},"6":{"loc":{"start":{"line":74,"column":2},"end":{"line":78,"column":3}},"type":"if","locations":[{"start":{"line":74,"column":2},"end":{"line":78,"column":3}},{"start":{},"end":{}}]},"7":{"loc":{"start":{"line":82,"column":2},"end":{"line":84,"column":3}},"type":"if","locations":[{"start":{"line":82,"column":2},"end":{"line":84,"column":3}},{"start":{},"end":{}}]},"8":{"loc":{"start":{"line":108,"column":2},"end":{"line":114,"column":3}},"type":"if","locations":[{"start":{"line":108,"column":2},"end":{"line":114,"column":3}},{"start":{},"end":{}}]},"9":{"loc":{"start":{"line":111,"column":4},"end":{"line":113,"column":5}},"type":"if","locations":[{"start":{"line":111,"column":4},"end":{"line":113,"column":5}},{"start":{},"end":{}}]},"10":{"loc":{"start":{"line":125,"column":2},"end":{"line":127,"column":3}},"type":"if","locations":[{"start":{"line":125,"column":2},"end":{"line":127,"column":3}},{"start":{},"end":{}}]},"11":{"loc":{"start":{"line":130,"column":2},"end":{"line":132,"column":3}},"type":"if","locations":[{"start":{"line":130,"column":2},"end":{"line":132,"column":3}},{"start":{},"end":{}}]},"12":{"loc":{"start":{"line":144,"column":2},"end":{"line":146,"column":3}},"type":"if","locations":[{"start":{"line":144,"column":2},"end":{"line":146,"column":3}},{"start":{},"end":{}}]},"13":{"loc":{"start":{"line":150,"column":2},"end":{"line":160,"column":3}},"type":"if","locations":[{"start":{"line":150,"column":2},"end":{"line":160,"column":3}},{"start":{},"end":{}}]},"14":{"loc":{"start":{"line":196,"column":2},"end":{"line":216,"column":3}},"type":"if","locations":[{"start":{"line":196,"column":2},"end":{"line":216,"column":3}},{"start":{},"end":{}}]},"15":{"loc":{"start":{"line":196,"column":6},"end":{"line":196,"column":48}},"type":"binary-expr","locations":[{"start":{"line":196,"column":6},"end":{"line":196,"column":24}},{"start":{"line":196,"column":28},"end":{"line":196,"column":48}}]},"16":{"loc":{"start":{"line":209,"column":14},"end":{"line":209,"column":37}},"type":"binary-expr","locations":[{"start":{"line":209,"column":14},"end":{"line":209,"column":28}},{"start":{"line":209,"column":32},"end":{"line":209,"column":37}}]},"17":{"loc":{"start":{"line":210,"column":18},"end":{"line":210,"column":45}},"type":"binary-expr","locations":[{"start":{"line":210,"column":18},"end":{"line":210,"column":36}},{"start":{"line":210,"column":40},"end":{"line":210,"column":45}}]},"18":{"loc":{"start":{"line":211,"column":19},"end":{"line":211,"column":47}},"type":"binary-expr","locations":[{"start":{"line":211,"column":19},"end":{"line":211,"column":38}},{"start":{"line":211,"column":42},"end":{"line":211,"column":47}}]},"19":{"loc":{"start":{"line":212,"column":17},"end":{"line":212,"column":43}},"type":"binary-expr","locations":[{"start":{"line":212,"column":17},"end":{"line":212,"column":34}},{"start":{"line":212,"column":38},"end":{"line":212,"column":43}}]},"20":{"loc":{"start":{"line":213,"column":14},"end":{"line":213,"column":37}},"type":"binary-expr","locations":[{"start":{"line":213,"column":14},"end":{"line":213,"column":28}},{"start":{"line":213,"column":32},"end":{"line":213,"column":37}}]},"21":{"loc":{"start":{"line":233,"column":17},"end":{"line":233,"column":107}},"type":"binary-expr","locations":[{"start":{"line":233,"column":17},"end":{"line":233,"column":31}},{"start":{"line":233,"column":35},"end":{"line":233,"column":65}},{"start":{"line":233,"column":69},"end":{"line":233,"column":107}}]},"22":{"loc":{"start":{"line":237,"column":15},"end":{"line":237,"column":59}},"type":"binary-expr","locations":[{"start":{"line":237,"column":15},"end":{"line":237,"column":32}},{"start":{"line":237,"column":36},"end":{"line":237,"column":50}},{"start":{"line":237,"column":54},"end":{"line":237,"column":59}}]},"23":{"loc":{"start":{"line":238,"column":15},"end":{"line":238,"column":59}},"type":"binary-expr","locations":[{"start":{"line":238,"column":15},"end":{"line":238,"column":32}},{"start":{"line":238,"column":36},"end":{"line":238,"column":50}},{"start":{"line":238,"column":54},"end":{"line":238,"column":59}}]},"24":{"loc":{"start":{"line":239,"column":19},"end":{"line":239,"column":42}},"type":"binary-expr","locations":[{"start":{"line":239,"column":19},"end":{"line":239,"column":33}},{"start":{"line":239,"column":37},"end":{"line":239,"column":42}}]},"25":{"loc":{"start":{"line":240,"column":16},"end":{"line":240,"column":43}},"type":"binary-expr","locations":[{"start":{"line":240,"column":16},"end":{"line":240,"column":34}},{"start":{"line":240,"column":38},"end":{"line":240,"column":43}}]},"26":{"loc":{"start":{"line":241,"column":17},"end":{"line":241,"column":45}},"type":"binary-expr","locations":[{"start":{"line":241,"column":17},"end":{"line":241,"column":36}},{"start":{"line":241,"column":40},"end":{"line":241,"column":45}}]},"27":{"loc":{"start":{"line":242,"column":12},"end":{"line":242,"column":35}},"type":"binary-expr","locations":[{"start":{"line":242,"column":12},"end":{"line":242,"column":26}},{"start":{"line":242,"column":30},"end":{"line":242,"column":35}}]},"28":{"loc":{"start":{"line":280,"column":2},"end":{"line":284,"column":3}},"type":"if","locations":[{"start":{"line":280,"column":2},"end":{"line":284,"column":3}},{"start":{"line":282,"column":9},"end":{"line":284,"column":3}}]}},"s":{"0":0,"1":0,"2":0,"3":0,"4":0,"5":0,"6":0,"7":0,"8":0,"9":0,"10":0,"11":0,"12":0,"13":0,"14":0,"15":0,"16":0,"17":0,"18":0,"19":0,"20":0,"21":0,"22":0,"23":0,"24":0,"25":0,"26":0,"27":0,"28":0,"29":0,"30":0,"31":0,"32":0,"33":0,"34":0,"35":0,"36":0,"37":0,"38":0,"39":0,"40":0,"41":0,"42":0,"43":0,"44":0,"45":0,"46":0,"47":0,"48":0,"49":0,"50":0,"51":0,"52":0,"53":0,"54":0,"55":0,"56":0,"57":0,"58":0,"59":0,"60":0,"61":0,"62":0,"63":0,"64":0,"65":0,"66":0,"67":0,"68":0,"69":0,"70":0,"71":0,"72":0,"73":0,"74":0,"75":0,"76":0,"77":0,"78":0,"79":0,"80":0,"81":0,"82":0,"83":0,"84":0},"f":{"0":0,"1":0,"2":0,"3":0,"4":0,"5":0,"6":0,"7":0,"8":0,"9":0,"10":0},"b":{"0":[0,0],"1":[0,0],"2":[0,0],"3":[0,0],"4":[0,0,0],"5":[0,0],"6":[0,0],"7":[0,0],"8":[0,0],"9":[0,0],"10":[0,0],"11":[0,0],"12":[0,0],"13":[0,0],"14":[0,0],"15":[0,0],"16":[0,0],"17":[0,0],"18":[0,0],"19":[0,0],"20":[0,0],"21":[0,0,0],"22":[0,0,0],"23":[0,0,0],"24":[0,0],"25":[0,0],"26":[0,0],"27":[0,0],"28":[0,0]}}
,"/Users/davidlevy/Projects/meteorologic/src/imsApi.ts": {"path":"/Users/davidlevy/Projects/meteorologic/src/imsApi.ts","statementMap":{"0":{"start":{"line":69,"column":0},"end":{"line":69,"column":7}},"1":{"start":{"line":91,"column":0},"end":{"line":91,"column":7}},"2":{"start":{"line":124,"column":0},"end":{"line":124,"column":7}},"3":{"start":{"line":6,"column":0},"end":{"line":6,"column":31}},"4":{"start":{"line":7,"column":0},"end":{"line":7,"column":34}},"5":{"start":{"line":9,"column":21},"end":{"line":9,"column":40}},"6":{"start":{"line":10,"column":22},"end":{"line":10,"column":42}},"7":{"start":{"line":70,"column":19},"end":{"line":74,"column":4}},"8":{"start":{"line":76,"column":2},"end":{"line":78,"column":3}},"9":{"start":{"line":77,"column":4},"end":{"line":77,"column":57}},"10":{"start":{"line":80,"column":2},"end":{"line":80,"column":44}},"11":{"start":{"line":97,"column":14},"end":{"line":97,"column":101}},"12":{"start":{"line":99,"column":19},"end":{"line":103,"column":4}},"13":{"start":{"line":105,"column":2},"end":{"line":107,"column":3}},"14":{"start":{"line":106,"column":4},"end":{"line":106,"column":57}},"15":{"start":{"line":109,"column":2},"end":{"line":111,"column":3}},"16":{"start":{"line":110,"column":4},"end":{"line":110,"column":47}},"17":{"start":{"line":113,"column":2},"end":{"line":113,"column":54}},"18":{"start":{"line":130,"column":23},"end":{"line":138,"column":4}},"19":{"start":{"line":131,"column":4},"end":{"line":137,"column":5}},"20":{"start":{"line":132,"column":19},"end":{"line":132,"column":79}},"21":{"start":{"line":133,"column":6},"end":{"line":133,"column":33}},"22":{"start":{"line":136,"column":6},"end":{"line":136,"column":18}},"23":{"start":{"line":140,"column":18},"end":{"line":140,"column":49}},"24":{"start":{"line":141,"column":2},"end":{"line":141,"column":65}},"25":{"start":{"line":141,"column":53},"end":{"line":141,"column":63}}},"fnMap":{"0":{"name":"getStations","decl":{"start":{"line":69,"column":22},"end":{"line":69,"column":33}},"loc":{"start":{"line":69,"column":33},"end":{"line":81,"column":1}}},"1":{"name":"getStationData","decl":{"start":{"line":91,"column":22},"end":{"line":91,"column":36}},"loc":{"start":{"line":95,"column":16},"end":{"line":114,"column":1}}},"2":{"name":"getStationDataMultiChannel","decl":{"start":{"line":124,"column":22},"end":{"line":124,"column":48}},"loc":{"start":{"line":128,"column":16},"end":{"line":142,"column":1}}},"3":{"name":"(anonymous_4)","decl":{"start":{"line":130,"column":38},"end":{"line":130,"column":43}},"loc":{"start":{"line":130,"column":91},"end":{"line":138,"column":3}}},"4":{"name":"(anonymous_5)","decl":{"start":{"line":141,"column":24},"end":{"line":141,"column":25}},"loc":{"start":{"line":141,"column":53},"end":{"line":141,"column":63}}}},"branchMap":{"0":{"loc":{"start":{"line":76,"column":2},"end":{"line":78,"column":3}},"type":"if","locations":[{"start":{"line":76,"column":2},"end":{"line":78,"column":3}},{"start":{},"end":{}}]},"1":{"loc":{"start":{"line":105,"column":2},"end":{"line":107,"column":3}},"type":"if","locations":[{"start":{"line":105,"column":2},"end":{"line":107,"column":3}},{"start":{},"end":{}}]},"2":{"loc":{"start":{"line":109,"column":2},"end":{"line":111,"column":3}},"type":"if","locations":[{"start":{"line":109,"column":2},"end":{"line":111,"column":3}},{"start":{},"end":{}}]}},"s":{"0":0,"1":0,"2":0,"3":0,"4":0,"5":0,"6":0,"7":0,"8":0,"9":0,"10":0,"11":0,"12":0,"13":0,"14":0,"15":0,"16":0,"17":0,"18":0,"19":0,"20":0,"21":0,"22":0,"23":0,"24":0,"25":0},"f":{"0":0,"1":0,"2":0,"3":0,"4":0},"b":{"0":[0,0],"1":[0,0],"2":[0,0]}}
,"/Users/davidlevy/Projects/meteorologic/src/mockForecast.ts": {"path":"/Users/davidlevy/Projects/meteorologic/src/mockForecast.ts","statementMap":{"0":{"start":{"line":16,"column":0},"end":{"line":16,"column":16}},"1":{"start":{"line":68,"column":0},"end":{"line":68,"column":16}},"2":{"start":{"line":124,"column":0},"end":{"line":124,"column":16}},"3":{"start":{"line":21,"column":15},"end":{"line":21,"column":33}},"4":{"start":{"line":22,"column":13},"end":{"line":22,"column":29}},"5":{"start":{"line":23,"column":37},"end":{"line":23,"column":39}},"6":{"start":{"line":25,"column":20},"end":{"line":25,"column":34}},"7":{"start":{"line":26,"column":17},"end":{"line":26,"column":18}},"8":{"start":{"line":28,"column":2},"end":{"line":56,"column":3}},"9":{"start":{"line":29,"column":20},"end":{"line":29,"column":59}},"10":{"start":{"line":32,"column":26},"end":{"line":32,"column":54}},"11":{"start":{"line":33,"column":27},"end":{"line":33,"column":48}},"12":{"start":{"line":35,"column":20},"end":{"line":35,"column":78}},"13":{"start":{"line":36,"column":20},"end":{"line":36,"column":78}},"14":{"start":{"line":37,"column":24},"end":{"line":37,"column":78}},"15":{"start":{"line":40,"column":21},"end":{"line":40,"column":57}},"16":{"start":{"line":41,"column":22},"end":{"line":41,"column":56}},"17":{"start":{"line":42,"column":17},"end":{"line":42,"column":76}},"18":{"start":{"line":44,"column":4},"end":{"line":52,"column":7}},"19":{"start":{"line":54,"column":4},"end":{"line":54,"column":57}},"20":{"start":{"line":55,"column":4},"end":{"line":55,"column":15}},"21":{"start":{"line":58,"column":2},"end":{"line":58,"column":19}},"22":{"start":{"line":73,"column":15},"end":{"line":73,"column":48}},"23":{"start":{"line":74,"column":13},"end":{"line":74,"column":44}},"24":{"start":{"line":75,"column":38},"end":{"line":75,"column":40}},"25":{"start":{"line":77,"column":20},"end":{"line":77,"column":34}},"26":{"start":{"line":79,"column":2},"end":{"line":111,"column":3}},"27":{"start":{"line":80,"column":17},"end":{"line":80,"column":45}},"28":{"start":{"line":81,"column":18},"end":{"line":81,"column":72}},"29":{"start":{"line":82,"column":16},"end":{"line":82,"column":65}},"30":{"start":{"line":83,"column":17},"end":{"line":83,"column":67}},"31":{"start":{"line":84,"column":20},"end":{"line":84,"column":56}},"32":{"start":{"line":87,"column":22},"end":{"line":87,"column":47}},"33":{"start":{"line":88,"column":27},"end":{"line":88,"column":71}},"34":{"start":{"line":89,"column":17},"end":{"line":89,"column":79}},"35":{"start":{"line":92,"column":21},"end":{"line":92,"column":78}},"36":{"start":{"line":95,"column":22},"end":{"line":95,"column":56}},"37":{"start":{"line":96,"column":20},"end":{"line":96,"column":52}},"38":{"start":{"line":99,"column":17},"end":{"line":99,"column":76}},"39":{"start":{"line":101,"column":4},"end":{"line":108,"column":7}},"40":{"start":{"line":110,"column":4},"end":{"line":110,"column":59}},"41":{"start":{"line":113,"column":2},"end":{"line":113,"column":19}},"42":{"start":{"line":130,"column":2},"end":{"line":134,"column":3}},"43":{"start":{"line":131,"column":4},"end":{"line":131,"column":66}},"44":{"start":{"line":133,"column":4},"end":{"line":133,"column":65}}},"fnMap":{"0":{"name":"generateMockDailyForecast","decl":{"start":{"line":16,"column":16},"end":{"line":16,"column":41}},"loc":{"start":{"line":19,"column":23},"end":{"line":59,"column":1}}},"1":{"name":"generateMockHourlyForecast","decl":{"start":{"line":68,"column":16},"end":{"line":68,"column":42}},"loc":{"start":{"line":71,"column":23},"end":{"line":114,"column":1}}},"2":{"name":"generateMockForecast","decl":{"start":{"line":124,"column":16},"end":{"line":124,"column":36}},"loc":{"start":{"line":128,"column":23},"end":{"line":135,"column":1}}}},"branchMap":{"0":{"loc":{"start":{"line":19,"column":2},"end":{"line":19,"column":23}},"type":"default-arg","locations":[{"start":{"line":19,"column":21},"end":{"line":19,"column":23}}]},"1":{"loc":{"start":{"line":42,"column":17},"end":{"line":42,"column":76}},"type":"cond-expr","locations":[{"start":{"line":42,"column":39},"end":{"line":42,"column":69}},{"start":{"line":42,"column":72},"end":{"line":42,"column":76}}]},"2":{"loc":{"start":{"line":71,"column":2},"end":{"line":71,"column":23}},"type":"default-arg","locations":[{"start":{"line":71,"column":21},"end":{"line":71,"column":23}}]},"3":{"loc":{"start":{"line":99,"column":17},"end":{"line":99,"column":76}},"type":"cond-expr","locations":[{"start":{"line":99,"column":39},"end":{"line":99,"column":69}},{"start":{"line":99,"column":72},"end":{"line":99,"column":76}}]},"4":{"loc":{"start":{"line":128,"column":2},"end":{"line":128,"column":23}},"type":"default-arg","locations":[{"start":{"line":128,"column":21},"end":{"line":128,"column":23}}]},"5":{"loc":{"start":{"line":130,"column":2},"end":{"line":134,"column":3}},"type":"if","locations":[{"start":{"line":130,"column":2},"end":{"line":134,"column":3}},{"start":{"line":132,"column":9},"end":{"line":134,"column":3}}]}},"s":{"0":1,"1":1,"2":1,"3":7,"4":7,"5":7,"6":7,"7":7,"8":7,"9":50,"10":50,"11":50,"12":50,"13":50,"14":50,"15":50,"16":50,"17":50,"18":50,"19":50,"20":50,"21":7,"22":6,"23":6,"24":6,"25":6,"26":6,"27":192,"28":192,"29":192,"30":192,"31":192,"32":192,"33":192,"34":192,"35":192,"36":192,"37":192,"38":192,"39":192,"40":192,"41":6,"42":3,"43":1,"44":2},"f":{"0":7,"1":6,"2":3},"b":{"0":[0],"1":[19,31],"2":[0],"3":[18,174],"4":[0],"5":[1,2]}}
,"/Users/davidlevy/Projects/meteorologic/src/utils.ts": {"path":"/Users/davidlevy/Projects/meteorologic/src/utils.ts","statementMap":{"0":{"start":{"line":61,"column":0},"end":{"line":61,"column":16}},"1":{"start":{"line":86,"column":0},"end":{"line":86,"column":16}},"2":{"start":{"line":96,"column":0},"end":{"line":96,"column":16}},"3":{"start":{"line":130,"column":0},"end":{"line":130,"column":16}},"4":{"start":{"line":164,"column":0},"end":{"line":164,"column":16}},"5":{"start":{"line":214,"column":0},"end":{"line":214,"column":16}},"6":{"start":{"line":67,"column":12},"end":{"line":67,"column":16}},"7":{"start":{"line":68,"column":15},"end":{"line":68,"column":37}},"8":{"start":{"line":69,"column":15},"end":{"line":69,"column":37}},"9":{"start":{"line":71,"column":12},"end":{"line":73,"column":51}},"10":{"start":{"line":75,"column":12},"end":{"line":75,"column":58}},"11":{"start":{"line":76,"column":19},"end":{"line":76,"column":24}},"12":{"start":{"line":78,"column":2},"end":{"line":78,"column":18}},"13":{"start":{"line":87,"column":2},"end":{"line":87,"column":35}},"14":{"start":{"line":97,"column":14},"end":{"line":97,"column":24}},"15":{"start":{"line":99,"column":16},"end":{"line":99,"column":93}},"16":{"start":{"line":100,"column":20},"end":{"line":100,"column":35}},"17":{"start":{"line":102,"column":2},"end":{"line":117,"column":3}},"18":{"start":{"line":105,"column":6},"end":{"line":105,"column":51}},"19":{"start":{"line":106,"column":6},"end":{"line":106,"column":12}},"20":{"start":{"line":109,"column":6},"end":{"line":109,"column":51}},"21":{"start":{"line":110,"column":6},"end":{"line":110,"column":12}},"22":{"start":{"line":113,"column":6},"end":{"line":113,"column":52}},"23":{"start":{"line":114,"column":6},"end":{"line":114,"column":12}},"24":{"start":{"line":116,"column":6},"end":{"line":116,"column":51}},"25":{"start":{"line":119,"column":2},"end":{"line":122,"column":4}},"26":{"start":{"line":131,"column":14},"end":{"line":131,"column":24}},"27":{"start":{"line":133,"column":16},"end":{"line":133,"column":93}},"28":{"start":{"line":134,"column":18},"end":{"line":134,"column":33}},"29":{"start":{"line":136,"column":2},"end":{"line":151,"column":3}},"30":{"start":{"line":139,"column":6},"end":{"line":139,"column":49}},"31":{"start":{"line":140,"column":6},"end":{"line":140,"column":12}},"32":{"start":{"line":143,"column":6},"end":{"line":143,"column":49}},"33":{"start":{"line":144,"column":6},"end":{"line":144,"column":12}},"34":{"start":{"line":147,"column":6},"end":{"line":147,"column":50}},"35":{"start":{"line":148,"column":6},"end":{"line":148,"column":12}},"36":{"start":{"line":150,"column":6},"end":{"line":150,"column":49}},"37":{"start":{"line":153,"column":2},"end":{"line":156,"column":4}},"38":{"start":{"line":165,"column":60},"end":{"line":165,"column":62}},"39":{"start":{"line":167,"column":2},"end":{"line":196,"column":5}},"40":{"start":{"line":168,"column":4},"end":{"line":168,"column":52}},"41":{"start":{"line":168,"column":45},"end":{"line":168,"column":52}},"42":{"start":{"line":170,"column":4},"end":{"line":195,"column":7}},"43":{"start":{"line":171,"column":19},"end":{"line":171,"column":45}},"44":{"start":{"line":172,"column":22},"end":{"line":172,"column":183}},"45":{"start":{"line":174,"column":6},"end":{"line":183,"column":7}},"46":{"start":{"line":175,"column":8},"end":{"line":182,"column":10}},"47":{"start":{"line":185,"column":6},"end":{"line":194,"column":7}},"48":{"start":{"line":186,"column":22},"end":{"line":186,"column":47}},"49":{"start":{"line":187,"column":8},"end":{"line":193,"column":9}},"50":{"start":{"line":188,"column":18},"end":{"line":188,"column":55}},"51":{"start":{"line":188,"column":56},"end":{"line":188,"column":62}},"52":{"start":{"line":189,"column":18},"end":{"line":189,"column":59}},"53":{"start":{"line":189,"column":60},"end":{"line":189,"column":66}},"54":{"start":{"line":190,"column":18},"end":{"line":190,"column":60}},"55":{"start":{"line":190,"column":61},"end":{"line":190,"column":67}},"56":{"start":{"line":191,"column":18},"end":{"line":191,"column":58}},"57":{"start":{"line":191,"column":59},"end":{"line":191,"column":65}},"58":{"start":{"line":192,"column":18},"end":{"line":192,"column":55}},"59":{"start":{"line":192,"column":56},"end":{"line":192,"column":62}},"60":{"start":{"line":199,"column":2},"end":{"line":206,"column":51}},"61":{"start":{"line":199,"column":48},"end":{"line":206,"column":4}},"62":{"start":{"line":201,"column":57},"end":{"line":201,"column":62}},"63":{"start":{"line":202,"column":69},"end":{"line":202,"column":74}},"64":{"start":{"line":203,"column":72},"end":{"line":203,"column":77}},"65":{"start":{"line":204,"column":66},"end":{"line":204,"column":71}},"66":{"start":{"line":205,"column":56},"end":{"line":205,"column":61}},"67":{"start":{"line":206,"column":21},"end":{"line":206,"column":49}},"68":{"start":{"line":215,"column":58},"end":{"line":215,"column":60}},"69":{"start":{"line":218,"column":2},"end":{"line":256,"column":5}},"70":{"start":{"line":219,"column":4},"end":{"line":219,"column":52}},"71":{"start":{"line":219,"column":45},"end":{"line":219,"column":52}},"72":{"start":{"line":221,"column":4},"end":{"line":255,"column":7}},"73":{"start":{"line":222,"column":19},"end":{"line":222,"column":45}},"74":{"start":{"line":223,"column":21},"end":{"line":223,"column":135}},"75":{"start":{"line":225,"column":6},"end":{"line":235,"column":7}},"76":{"start":{"line":226,"column":8},"end":{"line":234,"column":10}},"77":{"start":{"line":237,"column":6},"end":{"line":254,"column":7}},"78":{"start":{"line":238,"column":22},"end":{"line":238,"column":47}},"79":{"start":{"line":239,"column":28},"end":{"line":239,"column":54}},"80":{"start":{"line":241,"column":8},"end":{"line":253,"column":9}},"81":{"start":{"line":243,"column":12},"end":{"line":243,"column":48}},"82":{"start":{"line":245,"column":12},"end":{"line":248,"column":13}},"83":{"start":{"line":246,"column":14},"end":{"line":246,"column":49}},"84":{"start":{"line":247,"column":14},"end":{"line":247,"column":59}},"85":{"start":{"line":249,"column":12},"end":{"line":249,"column":18}},"86":{"start":{"line":250,"column":18},"end":{"line":250,"column":57}},"87":{"start":{"line":250,"column":58},"end":{"line":250,"column":64}},"88":{"start":{"line":251,"column":18},"end":{"line":251,"column":58}},"89":{"start":{"line":251,"column":59},"end":{"line":251,"column":65}},"90":{"start":{"line":252,"column":18},"end":{"line":252,"column":53}},"91":{"start":{"line":252,"column":54},"end":{"line":252,"column":60}},"92":{"start":{"line":259,"column":2},"end":{"line":267,"column":51}},"93":{"start":{"line":259,"column":46},"end":{"line":267,"column":4}},"94":{"start":{"line":264,"column":67},"end":{"line":264,"column":72}},"95":{"start":{"line":265,"column":70},"end":{"line":265,"column":75}},"96":{"start":{"line":266,"column":54},"end":{"line":266,"column":59}},"97":{"start":{"line":267,"column":21},"end":{"line":267,"column":49}}},"fnMap":{"0":{"name":"calculateDistance","decl":{"start":{"line":61,"column":16},"end":{"line":61,"column":33}},"loc":{"start":{"line":65,"column":14},"end":{"line":79,"column":1}}},"1":{"name":"toRadians","decl":{"start":{"line":86,"column":16},"end":{"line":86,"column":25}},"loc":{"start":{"line":86,"column":41},"end":{"line":88,"column":1}}},"2":{"name":"getDateRange","decl":{"start":{"line":96,"column":16},"end":{"line":96,"column":28}},"loc":{"start":{"line":96,"column":43},"end":{"line":123,"column":1}}},"3":{"name":"getForecastDateRange","decl":{"start":{"line":130,"column":16},"end":{"line":130,"column":36}},"loc":{"start":{"line":130,"column":51},"end":{"line":157,"column":1}}},"4":{"name":"aggregateHourly","decl":{"start":{"line":164,"column":16},"end":{"line":164,"column":31}},"loc":{"start":{"line":164,"column":59},"end":{"line":207,"column":1}}},"5":{"name":"(anonymous_5)","decl":{"start":{"line":167,"column":19},"end":{"line":167,"column":26}},"loc":{"start":{"line":167,"column":29},"end":{"line":196,"column":3}}},"6":{"name":"(anonymous_6)","decl":{"start":{"line":170,"column":30},"end":{"line":170,"column":37}},"loc":{"start":{"line":170,"column":40},"end":{"line":195,"column":5}}},"7":{"name":"(anonymous_7)","decl":{"start":{"line":199,"column":39},"end":{"line":199,"column":43}},"loc":{"start":{"line":199,"column":48},"end":{"line":206,"column":4}}},"8":{"name":"(anonymous_8)","decl":{"start":{"line":201,"column":47},"end":{"line":201,"column":48}},"loc":{"start":{"line":201,"column":57},"end":{"line":201,"column":62}}},"9":{"name":"(anonymous_9)","decl":{"start":{"line":202,"column":59},"end":{"line":202,"column":60}},"loc":{"start":{"line":202,"column":69},"end":{"line":202,"column":74}}},"10":{"name":"(anonymous_10)","decl":{"start":{"line":203,"column":62},"end":{"line":203,"column":63}},"loc":{"start":{"line":203,"column":72},"end":{"line":203,"column":77}}},"11":{"name":"(anonymous_11)","decl":{"start":{"line":204,"column":56},"end":{"line":204,"column":57}},"loc":{"start":{"line":204,"column":66},"end":{"line":204,"column":71}}},"12":{"name":"(anonymous_12)","decl":{"start":{"line":205,"column":46},"end":{"line":205,"column":47}},"loc":{"start":{"line":205,"column":56},"end":{"line":205,"column":61}}},"13":{"name":"(anonymous_13)","decl":{"start":{"line":206,"column":11},"end":{"line":206,"column":12}},"loc":{"start":{"line":206,"column":21},"end":{"line":206,"column":49}}},"14":{"name":"aggregateDaily","decl":{"start":{"line":214,"column":16},"end":{"line":214,"column":30}},"loc":{"start":{"line":214,"column":58},"end":{"line":268,"column":1}}},"15":{"name":"(anonymous_15)","decl":{"start":{"line":218,"column":19},"end":{"line":218,"column":26}},"loc":{"start":{"line":218,"column":29},"end":{"line":256,"column":3}}},"16":{"name":"(anonymous_16)","decl":{"start":{"line":221,"column":30},"end":{"line":221,"column":37}},"loc":{"start":{"line":221,"column":40},"end":{"line":255,"column":5}}},"17":{"name":"(anonymous_17)","decl":{"start":{"line":259,"column":38},"end":{"line":259,"column":41}},"loc":{"start":{"line":259,"column":46},"end":{"line":267,"column":4}}},"18":{"name":"(anonymous_18)","decl":{"start":{"line":264,"column":57},"end":{"line":264,"column":58}},"loc":{"start":{"line":264,"column":67},"end":{"line":264,"column":72}}},"19":{"name":"(anonymous_19)","decl":{"start":{"line":265,"column":60},"end":{"line":265,"column":61}},"loc":{"start":{"line":265,"column":70},"end":{"line":265,"column":75}}},"20":{"name":"(anonymous_20)","decl":{"start":{"line":266,"column":44},"end":{"line":266,"column":45}},"loc":{"start":{"line":266,"column":54},"end":{"line":266,"column":59}}},"21":{"name":"(anonymous_21)","decl":{"start":{"line":267,"column":11},"end":{"line":267,"column":12}},"loc":{"start":{"line":267,"column":21},"end":{"line":267,"column":49}}}},"branchMap":{"0":{"loc":{"start":{"line":102,"column":2},"end":{"line":117,"column":3}},"type":"switch","locations":[{"start":{"line":103,"column":4},"end":{"line":106,"column":12}},{"start":{"line":107,"column":4},"end":{"line":110,"column":12}},{"start":{"line":111,"column":4},"end":{"line":114,"column":12}},{"start":{"line":115,"column":4},"end":{"line":116,"column":51}}]},"1":{"loc":{"start":{"line":136,"column":2},"end":{"line":151,"column":3}},"type":"switch","locations":[{"start":{"line":137,"column":4},"end":{"line":140,"column":12}},{"start":{"line":141,"column":4},"end":{"line":144,"column":12}},{"start":{"line":145,"column":4},"end":{"line":148,"column":12}},{"start":{"line":149,"column":4},"end":{"line":150,"column":49}}]},"2":{"loc":{"start":{"line":168,"column":4},"end":{"line":168,"column":52}},"type":"if","locations":[{"start":{"line":168,"column":4},"end":{"line":168,"column":52}},{"start":{},"end":{}}]},"3":{"loc":{"start":{"line":168,"column":8},"end":{"line":168,"column":43}},"type":"binary-expr","locations":[{"start":{"line":168,"column":8},"end":{"line":168,"column":21}},{"start":{"line":168,"column":25},"end":{"line":168,"column":43}}]},"4":{"loc":{"start":{"line":174,"column":6},"end":{"line":183,"column":7}},"type":"if","locations":[{"start":{"line":174,"column":6},"end":{"line":183,"column":7}},{"start":{},"end":{}}]},"5":{"loc":{"start":{"line":185,"column":6},"end":{"line":194,"column":7}},"type":"if","locations":[{"start":{"line":185,"column":6},"end":{"line":194,"column":7}},{"start":{},"end":{}}]},"6":{"loc":{"start":{"line":185,"column":10},"end":{"line":185,"column":49}},"type":"binary-expr","locations":[{"start":{"line":185,"column":10},"end":{"line":185,"column":26}},{"start":{"line":185,"column":30},"end":{"line":185,"column":49}}]},"7":{"loc":{"start":{"line":187,"column":8},"end":{"line":193,"column":9}},"type":"switch","locations":[{"start":{"line":188,"column":10},"end":{"line":188,"column":62}},{"start":{"line":189,"column":10},"end":{"line":189,"column":66}},{"start":{"line":190,"column":10},"end":{"line":190,"column":67}},{"start":{"line":191,"column":10},"end":{"line":191,"column":65}},{"start":{"line":192,"column":10},"end":{"line":192,"column":62}}]},"8":{"loc":{"start":{"line":201,"column":10},"end":{"line":201,"column":104}},"type":"cond-expr","locations":[{"start":{"line":201,"column":29},"end":{"line":201,"column":97}},{"start":{"line":201,"column":100},"end":{"line":201,"column":104}}]},"9":{"loc":{"start":{"line":202,"column":14},"end":{"line":202,"column":120}},"type":"cond-expr","locations":[{"start":{"line":202,"column":37},"end":{"line":202,"column":113}},{"start":{"line":202,"column":116},"end":{"line":202,"column":120}}]},"10":{"loc":{"start":{"line":203,"column":15},"end":{"line":203,"column":124}},"type":"cond-expr","locations":[{"start":{"line":203,"column":39},"end":{"line":203,"column":117}},{"start":{"line":203,"column":120},"end":{"line":203,"column":124}}]},"11":{"loc":{"start":{"line":204,"column":13},"end":{"line":204,"column":116}},"type":"cond-expr","locations":[{"start":{"line":204,"column":35},"end":{"line":204,"column":109}},{"start":{"line":204,"column":112},"end":{"line":204,"column":116}}]},"12":{"loc":{"start":{"line":205,"column":10},"end":{"line":205,"column":83}},"type":"cond-expr","locations":[{"start":{"line":205,"column":29},"end":{"line":205,"column":76}},{"start":{"line":205,"column":79},"end":{"line":205,"column":83}}]},"13":{"loc":{"start":{"line":219,"column":4},"end":{"line":219,"column":52}},"type":"if","locations":[{"start":{"line":219,"column":4},"end":{"line":219,"column":52}},{"start":{},"end":{}}]},"14":{"loc":{"start":{"line":219,"column":8},"end":{"line":219,"column":43}},"type":"binary-expr","locations":[{"start":{"line":219,"column":8},"end":{"line":219,"column":21}},{"start":{"line":219,"column":25},"end":{"line":219,"column":43}}]},"15":{"loc":{"start":{"line":225,"column":6},"end":{"line":235,"column":7}},"type":"if","locations":[{"start":{"line":225,"column":6},"end":{"line":235,"column":7}},{"start":{},"end":{}}]},"16":{"loc":{"start":{"line":237,"column":6},"end":{"line":254,"column":7}},"type":"if","locations":[{"start":{"line":237,"column":6},"end":{"line":254,"column":7}},{"start":{},"end":{}}]},"17":{"loc":{"start":{"line":237,"column":10},"end":{"line":237,"column":49}},"type":"binary-expr","locations":[{"start":{"line":237,"column":10},"end":{"line":237,"column":26}},{"start":{"line":237,"column":30},"end":{"line":237,"column":49}}]},"18":{"loc":{"start":{"line":241,"column":8},"end":{"line":253,"column":9}},"type":"switch","locations":[{"start":{"line":242,"column":10},"end":{"line":249,"column":18}},{"start":{"line":250,"column":10},"end":{"line":250,"column":64}},{"start":{"line":251,"column":10},"end":{"line":251,"column":65}},{"start":{"line":252,"column":10},"end":{"line":252,"column":60}}]},"19":{"loc":{"start":{"line":245,"column":12},"end":{"line":248,"column":13}},"type":"if","locations":[{"start":{"line":245,"column":12},"end":{"line":248,"column":13}},{"start":{},"end":{}}]},"20":{"loc":{"start":{"line":245,"column":16},"end":{"line":245,"column":95}},"type":"binary-expr","locations":[{"start":{"line":245,"column":16},"end":{"line":245,"column":47}},{"start":{"line":245,"column":51},"end":{"line":245,"column":95}}]},"21":{"loc":{"start":{"line":261,"column":13},"end":{"line":261,"column":72}},"type":"cond-expr","locations":[{"start":{"line":261,"column":32},"end":{"line":261,"column":65}},{"start":{"line":261,"column":68},"end":{"line":261,"column":72}}]},"22":{"loc":{"start":{"line":262,"column":13},"end":{"line":262,"column":72}},"type":"cond-expr","locations":[{"start":{"line":262,"column":32},"end":{"line":262,"column":65}},{"start":{"line":262,"column":68},"end":{"line":262,"column":72}}]},"23":{"loc":{"start":{"line":263,"column":17},"end":{"line":263,"column":71}},"type":"cond-expr","locations":[{"start":{"line":263,"column":41},"end":{"line":263,"column":64}},{"start":{"line":263,"column":67},"end":{"line":263,"column":71}}]},"24":{"loc":{"start":{"line":264,"column":14},"end":{"line":264,"column":117}},"type":"cond-expr","locations":[{"start":{"line":264,"column":36},"end":{"line":264,"column":110}},{"start":{"line":264,"column":113},"end":{"line":264,"column":117}}]},"25":{"loc":{"start":{"line":265,"column":15},"end":{"line":265,"column":121}},"type":"cond-expr","locations":[{"start":{"line":265,"column":38},"end":{"line":265,"column":114}},{"start":{"line":265,"column":117},"end":{"line":265,"column":121}}]},"26":{"loc":{"start":{"line":266,"column":10},"end":{"line":266,"column":81}},"type":"cond-expr","locations":[{"start":{"line":266,"column":28},"end":{"line":266,"column":74}},{"start":{"line":266,"column":77},"end":{"line":266,"column":81}}]}},"s":{"0":1,"1":1,"2":1,"3":1,"4":1,"5":1,"6":3,"7":3,"8":3,"9":3,"10":3,"11":3,"12":3,"13":12,"14":2,"15":2,"16":2,"17":2,"18":1,"19":1,"20":1,"21":1,"22":0,"23":0,"24":0,"25":2,"26":4,"27":4,"28":4,"29":4,"30":1,"31":1,"32":1,"33":1,"34":1,"35":1,"36":1,"37":4,"38":1,"39":1,"40":0,"41":0,"42":0,"43":0,"44":0,"45":0,"46":0,"47":0,"48":0,"49":0,"50":0,"51":0,"52":0,"53":0,"54":0,"55":0,"56":0,"57":0,"58":0,"59":0,"60":1,"61":0,"62":0,"63":0,"64":0,"65":0,"66":0,"67":0,"68":1,"69":1,"70":0,"71":0,"72":0,"73":0,"74":0,"75":0,"76":0,"77":0,"78":0,"79":0,"80":0,"81":0,"82":0,"83":0,"84":0,"85":0,"86":0,"87":0,"88":0,"89":0,"90":0,"91":0,"92":1,"93":0,"94":0,"95":0,"96":0,"97":0},"f":{"0":3,"1":12,"2":2,"3":4,"4":1,"5":0,"6":0,"7":0,"8":0,"9":0,"10":0,"11":0,"12":0,"13":0,"14":1,"15":0,"16":0,"17":0,"18":0,"19":0,"20":0,"21":0},"b":{"0":[1,1,0,0],"1":[1,1,1,1],"2":[0,0],"3":[0,0],"4":[0,0],"5":[0,0],"6":[0,0],"7":[0,0,0,0,0],"8":[0,0],"9":[0,0],"10":[0,0],"11":[0,0],"12":[0,0],"13":[0,0],"14":[0,0],"15":[0,0],"16":[0,0],"17":[0,0],"18":[0,0,0,0],"19":[0,0],"20":[0,0],"21":[0,0],"22":[0,0],"23":[0,0],"24":[0,0],"25":[0,0],"26":[0,0]}}
,"/Users/davidlevy/Projects/meteorologic/src/xmlDataManager.ts": {"path":"/Users/davidlevy/Projects/meteorologic/src/xmlDataManager.ts","statementMap":{"0":{"start":{"line":22,"column":0},"end":{"line":22,"column":16}},"1":{"start":{"line":104,"column":0},"end":{"line":104,"column":7}},"2":{"start":{"line":155,"column":0},"end":{"line":155,"column":16}},"3":{"start":{"line":177,"column":0},"end":{"line":177,"column":16}},"4":{"start":{"line":6,"column":0},"end":{"line":6,"column":24}},"5":{"start":{"line":7,"column":0},"end":{"line":7,"column":49}},"6":{"start":{"line":23,"column":22},"end":{"line":23,"column":62}},"7":{"start":{"line":25,"column":2},"end":{"line":34,"column":3}},"8":{"start":{"line":26,"column":4},"end":{"line":33,"column":6}},"9":{"start":{"line":36,"column":2},"end":{"line":96,"column":3}},"10":{"start":{"line":38,"column":15},"end":{"line":38,"column":28}},"11":{"start":{"line":39,"column":25},"end":{"line":39,"column":64}},"12":{"start":{"line":41,"column":4},"end":{"line":51,"column":5}},"13":{"start":{"line":42,"column":6},"end":{"line":42,"column":66}},"14":{"start":{"line":43,"column":6},"end":{"line":50,"column":8}},"15":{"start":{"line":53,"column":28},"end":{"line":53,"column":65}},"16":{"start":{"line":54,"column":21},"end":{"line":54,"column":48}},"17":{"start":{"line":55,"column":23},"end":{"line":55,"column":51}},"18":{"start":{"line":57,"column":4},"end":{"line":67,"column":5}},"19":{"start":{"line":58,"column":6},"end":{"line":58,"column":77}},"20":{"start":{"line":59,"column":6},"end":{"line":66,"column":8}},"21":{"start":{"line":69,"column":18},"end":{"line":69,"column":51}},"22":{"start":{"line":70,"column":21},"end":{"line":70,"column":45}},"23":{"start":{"line":74,"column":34},"end":{"line":74,"column":35}},"24":{"start":{"line":75,"column":20},"end":{"line":75,"column":52}},"25":{"start":{"line":76,"column":28},"end":{"line":76,"column":74}},"26":{"start":{"line":78,"column":4},"end":{"line":85,"column":6}},"27":{"start":{"line":87,"column":4},"end":{"line":87,"column":56}},"28":{"start":{"line":88,"column":4},"end":{"line":95,"column":6}},"29":{"start":{"line":105,"column":17},"end":{"line":105,"column":32}},"30":{"start":{"line":107,"column":2},"end":{"line":117,"column":3}},"31":{"start":{"line":108,"column":4},"end":{"line":108,"column":56}},"32":{"start":{"line":109,"column":4},"end":{"line":115,"column":5}},"33":{"start":{"line":110,"column":6},"end":{"line":110,"column":45}},"34":{"start":{"line":111,"column":6},"end":{"line":111,"column":64}},"35":{"start":{"line":113,"column":6},"end":{"line":113,"column":61}},"36":{"start":{"line":114,"column":6},"end":{"line":114,"column":53}},"37":{"start":{"line":116,"column":4},"end":{"line":116,"column":11}},"38":{"start":{"line":119,"column":2},"end":{"line":130,"column":3}},"39":{"start":{"line":120,"column":4},"end":{"line":120,"column":50}},"40":{"start":{"line":121,"column":4},"end":{"line":128,"column":5}},"41":{"start":{"line":122,"column":6},"end":{"line":122,"column":45}},"42":{"start":{"line":123,"column":6},"end":{"line":123,"column":41}},"43":{"start":{"line":124,"column":6},"end":{"line":124,"column":55}},"44":{"start":{"line":126,"column":6},"end":{"line":126,"column":60}},"45":{"start":{"line":127,"column":6},"end":{"line":127,"column":49}},"46":{"start":{"line":129,"column":4},"end":{"line":129,"column":11}},"47":{"start":{"line":132,"column":2},"end":{"line":145,"column":3}},"48":{"start":{"line":133,"column":19},"end":{"line":133,"column":54}},"49":{"start":{"line":134,"column":4},"end":{"line":134,"column":72}},"50":{"start":{"line":135,"column":4},"end":{"line":143,"column":5}},"51":{"start":{"line":136,"column":6},"end":{"line":136,"column":45}},"52":{"start":{"line":137,"column":6},"end":{"line":137,"column":41}},"53":{"start":{"line":138,"column":6},"end":{"line":138,"column":55}},"54":{"start":{"line":140,"column":6},"end":{"line":140,"column":66}},"55":{"start":{"line":141,"column":6},"end":{"line":141,"column":58}},"56":{"start":{"line":144,"column":4},"end":{"line":144,"column":11}},"57":{"start":{"line":147,"column":17},"end":{"line":147,"column":52}},"58":{"start":{"line":148,"column":2},"end":{"line":148,"column":54}},"59":{"start":{"line":156,"column":17},"end":{"line":156,"column":32}},"60":{"start":{"line":158,"column":2},"end":{"line":160,"column":3}},"61":{"start":{"line":159,"column":4},"end":{"line":159,"column":35}},"62":{"start":{"line":162,"column":2},"end":{"line":164,"column":3}},"63":{"start":{"line":163,"column":4},"end":{"line":163,"column":37}},"64":{"start":{"line":166,"column":2},"end":{"line":168,"column":3}},"65":{"start":{"line":167,"column":4},"end":{"line":167,"column":63}},"66":{"start":{"line":170,"column":2},"end":{"line":170,"column":61}},"67":{"start":{"line":178,"column":17},"end":{"line":178,"column":32}},"68":{"start":{"line":179,"column":2},"end":{"line":179,"column":68}}},"fnMap":{"0":{"name":"getDataStatus","decl":{"start":{"line":22,"column":16},"end":{"line":22,"column":29}},"loc":{"start":{"line":22,"column":29},"end":{"line":97,"column":1}}},"1":{"name":"ensureFreshData","decl":{"start":{"line":104,"column":22},"end":{"line":104,"column":37}},"loc":{"start":{"line":104,"column":60},"end":{"line":149,"column":1}}},"2":{"name":"getStatusMessage","decl":{"start":{"line":155,"column":16},"end":{"line":155,"column":32}},"loc":{"start":{"line":155,"column":32},"end":{"line":171,"column":1}}},"3":{"name":"needsUrgentRefresh","decl":{"start":{"line":177,"column":16},"end":{"line":177,"column":34}},"loc":{"start":{"line":177,"column":34},"end":{"line":180,"column":1}}}},"branchMap":{"0":{"loc":{"start":{"line":25,"column":2},"end":{"line":34,"column":3}},"type":"if","locations":[{"start":{"line":25,"column":2},"end":{"line":34,"column":3}},{"start":{},"end":{}}]},"1":{"loc":{"start":{"line":41,"column":4},"end":{"line":51,"column":5}},"type":"if","locations":[{"start":{"line":41,"column":4},"end":{"line":51,"column":5}},{"start":{},"end":{}}]},"2":{"loc":{"start":{"line":57,"column":4},"end":{"line":67,"column":5}},"type":"if","locations":[{"start":{"line":57,"column":4},"end":{"line":67,"column":5}},{"start":{},"end":{}}]},"3":{"loc":{"start":{"line":76,"column":28},"end":{"line":76,"column":74}},"type":"cond-expr","locations":[{"start":{"line":76,"column":38},"end":{"line":76,"column":70}},{"start":{"line":76,"column":73},"end":{"line":76,"column":74}}]},"4":{"loc":{"start":{"line":104,"column":38},"end":{"line":104,"column":60}},"type":"default-arg","locations":[{"start":{"line":104,"column":55},"end":{"line":104,"column":60}}]},"5":{"loc":{"start":{"line":107,"column":2},"end":{"line":117,"column":3}},"type":"if","locations":[{"start":{"line":107,"column":2},"end":{"line":117,"column":3}},{"start":{},"end":{}}]},"6":{"loc":{"start":{"line":119,"column":2},"end":{"line":130,"column":3}},"type":"if","locations":[{"start":{"line":119,"column":2},"end":{"line":130,"column":3}},{"start":{},"end":{}}]},"7":{"loc":{"start":{"line":132,"column":2},"end":{"line":145,"column":3}},"type":"if","locations":[{"start":{"line":132,"column":2},"end":{"line":145,"column":3}},{"start":{},"end":{}}]},"8":{"loc":{"start":{"line":133,"column":19},"end":{"line":133,"column":54}},"type":"binary-expr","locations":[{"start":{"line":133,"column":19},"end":{"line":133,"column":41}},{"start":{"line":133,"column":45},"end":{"line":133,"column":54}}]},"9":{"loc":{"start":{"line":147,"column":17},"end":{"line":147,"column":52}},"type":"binary-expr","locations":[{"start":{"line":147,"column":17},"end":{"line":147,"column":39}},{"start":{"line":147,"column":43},"end":{"line":147,"column":52}}]},"10":{"loc":{"start":{"line":158,"column":2},"end":{"line":160,"column":3}},"type":"if","locations":[{"start":{"line":158,"column":2},"end":{"line":160,"column":3}},{"start":{},"end":{}}]},"11":{"loc":{"start":{"line":162,"column":2},"end":{"line":164,"column":3}},"type":"if","locations":[{"start":{"line":162,"column":2},"end":{"line":164,"column":3}},{"start":{},"end":{}}]},"12":{"loc":{"start":{"line":166,"column":2},"end":{"line":168,"column":3}},"type":"if","locations":[{"start":{"line":166,"column":2},"end":{"line":168,"column":3}},{"start":{},"end":{}}]},"13":{"loc":{"start":{"line":179,"column":9},"end":{"line":179,"column":67}},"type":"binary-expr","locations":[{"start":{"line":179,"column":9},"end":{"line":179,"column":23}},{"start":{"line":179,"column":28},"end":{"line":179,"column":47}},{"start":{"line":179,"column":51},"end":{"line":179,"column":66}}]}},"s":{"0":0,"1":0,"2":0,"3":0,"4":0,"5":0,"6":0,"7":0,"8":0,"9":0,"10":0,"11":0,"12":0,"13":0,"14":0,"15":0,"16":0,"17":0,"18":0,"19":0,"20":0,"21":0,"22":0,"23":0,"24":0,"25":0,"26":0,"27":0,"28":0,"29":0,"30":0,"31":0,"32":0,"33":0,"34":0,"35":0,"36":0,"37":0,"38":0,"39":0,"40":0,"41":0,"42":0,"43":0,"44":0,"45":0,"46":0,"47":0,"48":0,"49":0,"50":0,"51":0,"52":0,"53":0,"54":0,"55":0,"56":0,"57":0,"58":0,"59":0,"60":0,"61":0,"62":0,"63":0,"64":0,"65":0,"66":0,"67":0,"68":0},"f":{"0":0,"1":0,"2":0,"3":0},"b":{"0":[0,0],"1":[0,0],"2":[0,0],"3":[0,0],"4":[0],"5":[0,0],"6":[0,0],"7":[0,0],"8":[0,0],"9":[0,0],"10":[0,0],"11":[0,0],"12":[0,0],"13":[0,0,0]}}
,"/Users/davidlevy/Projects/meteorologic/src/xmlDownloader.ts": {"path":"/Users/davidlevy/Projects/meteorologic/src/xmlDownloader.ts","statementMap":{"0":{"start":{"line":256,"column":0},"end":{"line":256,"column":16}},"1":{"start":{"line":327,"column":0},"end":{"line":327,"column":7}},"2":{"start":{"line":370,"column":0},"end":{"line":370,"column":16}},"3":{"start":{"line":402,"column":0},"end":{"line":402,"column":16}},"4":{"start":{"line":6,"column":0},"end":{"line":6,"column":31}},"5":{"start":{"line":7,"column":0},"end":{"line":7,"column":20}},"6":{"start":{"line":8,"column":0},"end":{"line":8,"column":24}},"7":{"start":{"line":22,"column":13},"end":{"line":233,"column":2}},"8":{"start":{"line":257,"column":14},"end":{"line":257,"column":24}},"9":{"start":{"line":258,"column":18},"end":{"line":258,"column":49}},"10":{"start":{"line":259,"column":18},"end":{"line":259,"column":69}},"11":{"start":{"line":261,"column":18},"end":{"line":261,"column":50}},"12":{"start":{"line":262,"column":18},"end":{"line":262,"column":45}},"13":{"start":{"line":263,"column":23},"end":{"line":263,"column":50}},"14":{"start":{"line":266,"column":2},"end":{"line":268,"column":3}},"15":{"start":{"line":267,"column":4},"end":{"line":267,"column":47}},"16":{"start":{"line":269,"column":2},"end":{"line":271,"column":3}},"17":{"start":{"line":270,"column":4},"end":{"line":270,"column":47}},"18":{"start":{"line":272,"column":2},"end":{"line":274,"column":3}},"19":{"start":{"line":273,"column":4},"end":{"line":273,"column":52}},"20":{"start":{"line":276,"column":2},"end":{"line":276,"column":22}},"21":{"start":{"line":286,"column":2},"end":{"line":321,"column":3}},"22":{"start":{"line":287,"column":4},"end":{"line":287,"column":62}},"23":{"start":{"line":289,"column":21},"end":{"line":289,"column":42}},"24":{"start":{"line":291,"column":4},"end":{"line":297,"column":5}},"25":{"start":{"line":292,"column":6},"end":{"line":296,"column":8}},"26":{"start":{"line":299,"column":20},"end":{"line":299,"column":41}},"27":{"start":{"line":300,"column":21},"end":{"line":300,"column":56}},"28":{"start":{"line":302,"column":4},"end":{"line":302,"column":48}},"29":{"start":{"line":304,"column":18},"end":{"line":304,"column":39}},"30":{"start":{"line":306,"column":4},"end":{"line":306,"column":68}},"31":{"start":{"line":308,"column":4},"end":{"line":313,"column":6}},"32":{"start":{"line":315,"column":4},"end":{"line":315,"column":51}},"33":{"start":{"line":316,"column":4},"end":{"line":320,"column":6}},"34":{"start":{"line":328,"column":20},"end":{"line":328,"column":48}},"35":{"start":{"line":329,"column":2},"end":{"line":329,"column":50}},"36":{"start":{"line":331,"column":36},"end":{"line":331,"column":38}},"37":{"start":{"line":334,"column":2},"end":{"line":340,"column":3}},"38":{"start":{"line":335,"column":19},"end":{"line":335,"column":54}},"39":{"start":{"line":336,"column":4},"end":{"line":336,"column":25}},"40":{"start":{"line":339,"column":4},"end":{"line":339,"column":59}},"41":{"start":{"line":339,"column":33},"end":{"line":339,"column":57}},"42":{"start":{"line":342,"column":21},"end":{"line":342,"column":58}},"43":{"start":{"line":342,"column":41},"end":{"line":342,"column":50}},"44":{"start":{"line":343,"column":17},"end":{"line":343,"column":55}},"45":{"start":{"line":343,"column":37},"end":{"line":343,"column":47}},"46":{"start":{"line":345,"column":37},"end":{"line":352,"column":4}},"47":{"start":{"line":355,"column":23},"end":{"line":355,"column":60}},"48":{"start":{"line":356,"column":2},"end":{"line":356,"column":76}},"49":{"start":{"line":358,"column":2},"end":{"line":358,"column":45}},"50":{"start":{"line":359,"column":2},"end":{"line":359,"column":42}},"51":{"start":{"line":360,"column":2},"end":{"line":360,"column":43}},"52":{"start":{"line":361,"column":2},"end":{"line":361,"column":35}},"53":{"start":{"line":362,"column":2},"end":{"line":362,"column":43}},"54":{"start":{"line":364,"column":2},"end":{"line":364,"column":18}},"55":{"start":{"line":371,"column":18},"end":{"line":371,"column":50}},"56":{"start":{"line":373,"column":2},"end":{"line":375,"column":3}},"57":{"start":{"line":374,"column":4},"end":{"line":374,"column":16}},"58":{"start":{"line":377,"column":19},"end":{"line":380,"column":14}},"59":{"start":{"line":378,"column":20},"end":{"line":378,"column":52}},"60":{"start":{"line":382,"column":2},"end":{"line":384,"column":3}},"61":{"start":{"line":383,"column":4},"end":{"line":383,"column":16}},"62":{"start":{"line":386,"column":24},"end":{"line":386,"column":55}},"63":{"start":{"line":387,"column":19},"end":{"line":390,"column":14}},"64":{"start":{"line":388,"column":20},"end":{"line":388,"column":52}},"65":{"start":{"line":392,"column":2},"end":{"line":394,"column":3}},"66":{"start":{"line":393,"column":4},"end":{"line":393,"column":16}},"67":{"start":{"line":396,"column":2},"end":{"line":396,"column":47}},"68":{"start":{"line":403,"column":18},"end":{"line":403,"column":50}},"69":{"start":{"line":405,"column":2},"end":{"line":407,"column":3}},"70":{"start":{"line":406,"column":4},"end":{"line":406,"column":11}},"71":{"start":{"line":409,"column":21},"end":{"line":409,"column":31}},"72":{"start":{"line":410,"column":2},"end":{"line":410,"column":56}},"73":{"start":{"line":411,"column":20},"end":{"line":411,"column":58}},"74":{"start":{"line":413,"column":19},"end":{"line":414,"column":53}},"75":{"start":{"line":414,"column":20},"end":{"line":414,"column":52}},"76":{"start":{"line":416,"column":2},"end":{"line":422,"column":3}},"77":{"start":{"line":417,"column":4},"end":{"line":421,"column":5}},"78":{"start":{"line":418,"column":22},"end":{"line":418,"column":49}},"79":{"start":{"line":419,"column":6},"end":{"line":419,"column":51}},"80":{"start":{"line":420,"column":6},"end":{"line":420,"column":59}}},"fnMap":{"0":{"name":"createTimestampedDirectory","decl":{"start":{"line":256,"column":16},"end":{"line":256,"column":42}},"loc":{"start":{"line":256,"column":42},"end":{"line":277,"column":1}}},"1":{"name":"downloadFeed","decl":{"start":{"line":282,"column":15},"end":{"line":282,"column":27}},"loc":{"start":{"line":284,"column":19},"end":{"line":322,"column":1}}},"2":{"name":"downloadAllFeeds","decl":{"start":{"line":327,"column":22},"end":{"line":327,"column":38}},"loc":{"start":{"line":327,"column":38},"end":{"line":365,"column":1}}},"3":{"name":"(anonymous_4)","decl":{"start":{"line":339,"column":22},"end":{"line":339,"column":29}},"loc":{"start":{"line":339,"column":33},"end":{"line":339,"column":57}}},"4":{"name":"(anonymous_5)","decl":{"start":{"line":342,"column":36},"end":{"line":342,"column":37}},"loc":{"start":{"line":342,"column":41},"end":{"line":342,"column":50}}},"5":{"name":"(anonymous_6)","decl":{"start":{"line":343,"column":32},"end":{"line":343,"column":33}},"loc":{"start":{"line":343,"column":37},"end":{"line":343,"column":47}}},"6":{"name":"getMostRecentDownloadDir","decl":{"start":{"line":370,"column":16},"end":{"line":370,"column":40}},"loc":{"start":{"line":370,"column":40},"end":{"line":397,"column":1}}},"7":{"name":"(anonymous_8)","decl":{"start":{"line":378,"column":12},"end":{"line":378,"column":16}},"loc":{"start":{"line":378,"column":20},"end":{"line":378,"column":52}}},"8":{"name":"(anonymous_9)","decl":{"start":{"line":388,"column":12},"end":{"line":388,"column":16}},"loc":{"start":{"line":388,"column":20},"end":{"line":388,"column":52}}},"9":{"name":"cleanOldDownloads","decl":{"start":{"line":402,"column":16},"end":{"line":402,"column":33}},"loc":{"start":{"line":402,"column":56},"end":{"line":423,"column":1}}},"10":{"name":"(anonymous_11)","decl":{"start":{"line":414,"column":12},"end":{"line":414,"column":16}},"loc":{"start":{"line":414,"column":20},"end":{"line":414,"column":52}}}},"branchMap":{"0":{"loc":{"start":{"line":266,"column":2},"end":{"line":268,"column":3}},"type":"if","locations":[{"start":{"line":266,"column":2},"end":{"line":268,"column":3}},{"start":{},"end":{}}]},"1":{"loc":{"start":{"line":269,"column":2},"end":{"line":271,"column":3}},"type":"if","locations":[{"start":{"line":269,"column":2},"end":{"line":271,"column":3}},{"start":{},"end":{}}]},"2":{"loc":{"start":{"line":272,"column":2},"end":{"line":274,"column":3}},"type":"if","locations":[{"start":{"line":272,"column":2},"end":{"line":274,"column":3}},{"start":{},"end":{}}]},"3":{"loc":{"start":{"line":291,"column":4},"end":{"line":297,"column":5}},"type":"if","locations":[{"start":{"line":291,"column":4},"end":{"line":297,"column":5}},{"start":{},"end":{}}]},"4":{"loc":{"start":{"line":319,"column":13},"end":{"line":319,"column":67}},"type":"cond-expr","locations":[{"start":{"line":319,"column":38},"end":{"line":319,"column":51}},{"start":{"line":319,"column":54},"end":{"line":319,"column":67}}]},"5":{"loc":{"start":{"line":373,"column":2},"end":{"line":375,"column":3}},"type":"if","locations":[{"start":{"line":373,"column":2},"end":{"line":375,"column":3}},{"start":{},"end":{}}]},"6":{"loc":{"start":{"line":382,"column":2},"end":{"line":384,"column":3}},"type":"if","locations":[{"start":{"line":382,"column":2},"end":{"line":384,"column":3}},{"start":{},"end":{}}]},"7":{"loc":{"start":{"line":392,"column":2},"end":{"line":394,"column":3}},"type":"if","locations":[{"start":{"line":392,"column":2},"end":{"line":394,"column":3}},{"start":{},"end":{}}]},"8":{"loc":{"start":{"line":402,"column":34},"end":{"line":402,"column":56}},"type":"default-arg","locations":[{"start":{"line":402,"column":55},"end":{"line":402,"column":56}}]},"9":{"loc":{"start":{"line":405,"column":2},"end":{"line":407,"column":3}},"type":"if","locations":[{"start":{"line":405,"column":2},"end":{"line":407,"column":3}},{"start":{},"end":{}}]},"10":{"loc":{"start":{"line":417,"column":4},"end":{"line":421,"column":5}},"type":"if","locations":[{"start":{"line":417,"column":4},"end":{"line":421,"column":5}},{"start":{},"end":{}}]}},"s":{"0":0,"1":0,"2":0,"3":0,"4":0,"5":0,"6":0,"7":0,"8":0,"9":0,"10":0,"11":0,"12":0,"13":0,"14":0,"15":0,"16":0,"17":0,"18":0,"19":0,"20":0,"21":0,"22":0,"23":0,"24":0,"25":0,"26":0,"27":0,"28":0,"29":0,"30":0,"31":0,"32":0,"33":0,"34":0,"35":0,"36":0,"37":0,"38":0,"39":0,"40":0,"41":0,"42":0,"43":0,"44":0,"45":0,"46":0,"47":0,"48":0,"49":0,"50":0,"51":0,"52":0,"53":0,"54":0,"55":0,"56":0,"57":0,"58":0,"59":0,"60":0,"61":0,"62":0,"63":0,"64":0,"65":0,"66":0,"67":0,"68":0,"69":0,"70":0,"71":0,"72":0,"73":0,"74":0,"75":0,"76":0,"77":0,"78":0,"79":0,"80":0},"f":{"0":0,"1":0,"2":0,"3":0,"4":0,"5":0,"6":0,"7":0,"8":0,"9":0,"10":0},"b":{"0":[0,0],"1":[0,0],"2":[0,0],"3":[0,0],"4":[0,0],"5":[0,0],"6":[0,0],"7":[0,0],"8":[0],"9":[0,0],"10":[0,0]}}
,"/Users/davidlevy/Projects/meteorologic/src/xmlParser.ts": {"path":"/Users/davidlevy/Projects/meteorologic/src/xmlParser.ts","statementMap":{"0":{"start":{"line":49,"column":0},"end":{"line":49,"column":7}},"1":{"start":{"line":66,"column":0},"end":{"line":66,"column":7}},"2":{"start":{"line":87,"column":0},"end":{"line":87,"column":7}},"3":{"start":{"line":123,"column":0},"end":{"line":123,"column":7}},"4":{"start":{"line":135,"column":0},"end":{"line":135,"column":7}},"5":{"start":{"line":148,"column":0},"end":{"line":148,"column":7}},"6":{"start":{"line":158,"column":0},"end":{"line":158,"column":7}},"7":{"start":{"line":171,"column":0},"end":{"line":171,"column":7}},"8":{"start":{"line":181,"column":0},"end":{"line":181,"column":7}},"9":{"start":{"line":225,"column":0},"end":{"line":225,"column":16}},"10":{"start":{"line":6,"column":0},"end":{"line":6,"column":28}},"11":{"start":{"line":7,"column":0},"end":{"line":7,"column":20}},"12":{"start":{"line":50,"column":17},"end":{"line":54,"column":4}},"13":{"start":{"line":56,"column":2},"end":{"line":60,"column":3}},"14":{"start":{"line":57,"column":4},"end":{"line":57,"column":54}},"15":{"start":{"line":59,"column":4},"end":{"line":59,"column":100}},"16":{"start":{"line":67,"column":17},"end":{"line":67,"column":53}},"17":{"start":{"line":69,"column":2},"end":{"line":71,"column":3}},"18":{"start":{"line":70,"column":4},"end":{"line":70,"column":45}},"19":{"start":{"line":73,"column":18},"end":{"line":73,"column":39}},"20":{"start":{"line":74,"column":16},"end":{"line":74,"column":34}},"21":{"start":{"line":76,"column":2},"end":{"line":81,"column":6}},"22":{"start":{"line":76,"column":28},"end":{"line":81,"column":4}},"23":{"start":{"line":88,"column":20},"end":{"line":88,"column":54}},"24":{"start":{"line":90,"column":2},"end":{"line":94,"column":6}},"25":{"start":{"line":90,"column":36},"end":{"line":94,"column":4}},"26":{"start":{"line":101,"column":24},"end":{"line":101,"column":75}},"27":{"start":{"line":102,"column":2},"end":{"line":102,"column":68}},"28":{"start":{"line":109,"column":28},"end":{"line":109,"column":30}},"29":{"start":{"line":110,"column":23},"end":{"line":110,"column":64}},"30":{"start":{"line":112,"column":2},"end":{"line":115,"column":3}},"31":{"start":{"line":113,"column":23},"end":{"line":113,"column":38}},"32":{"start":{"line":114,"column":4},"end":{"line":114,"column":62}},"33":{"start":{"line":114,"column":51},"end":{"line":114,"column":59}},"34":{"start":{"line":117,"column":2},"end":{"line":117,"column":17}},"35":{"start":{"line":124,"column":2},"end":{"line":126,"column":3}},"36":{"start":{"line":125,"column":4},"end":{"line":125,"column":51}},"37":{"start":{"line":128,"column":21},"end":{"line":128,"column":54}},"38":{"start":{"line":129,"column":2},"end":{"line":129,"column":45}},"39":{"start":{"line":139,"column":19},"end":{"line":139,"column":48}},"40":{"start":{"line":140,"column":19},"end":{"line":140,"column":47}},"41":{"start":{"line":142,"column":2},"end":{"line":142,"column":38}},"42":{"start":{"line":151,"column":19},"end":{"line":151,"column":56}},"43":{"start":{"line":152,"column":2},"end":{"line":152,"column":38}},"44":{"start":{"line":162,"column":19},"end":{"line":162,"column":49}},"45":{"start":{"line":163,"column":19},"end":{"line":163,"column":47}},"46":{"start":{"line":165,"column":2},"end":{"line":165,"column":38}},"47":{"start":{"line":174,"column":19},"end":{"line":174,"column":52}},"48":{"start":{"line":175,"column":2},"end":{"line":175,"column":38}},"49":{"start":{"line":184,"column":21},"end":{"line":197,"column":4}},"50":{"start":{"line":199,"column":35},"end":{"line":199,"column":37}},"51":{"start":{"line":201,"column":2},"end":{"line":217,"column":3}},"52":{"start":{"line":202,"column":21},"end":{"line":202,"column":49}},"53":{"start":{"line":204,"column":4},"end":{"line":216,"column":5}},"54":{"start":{"line":205,"column":6},"end":{"line":215,"column":7}},"55":{"start":{"line":206,"column":27},"end":{"line":206,"column":60}},"56":{"start":{"line":207,"column":23},"end":{"line":207,"column":55}},"57":{"start":{"line":210,"column":8},"end":{"line":212,"column":9}},"58":{"start":{"line":211,"column":10},"end":{"line":211,"column":36}},"59":{"start":{"line":214,"column":8},"end":{"line":214,"column":60}},"60":{"start":{"line":219,"column":2},"end":{"line":219,"column":19}},"61":{"start":{"line":226,"column":19},"end":{"line":226,"column":47}},"62":{"start":{"line":227,"column":2},"end":{"line":227,"column":33}}},"fnMap":{"0":{"name":"parseXML","decl":{"start":{"line":49,"column":22},"end":{"line":49,"column":30}},"loc":{"start":{"line":49,"column":48},"end":{"line":61,"column":1}}},"1":{"name":"parseForecastFeed","decl":{"start":{"line":66,"column":22},"end":{"line":66,"column":39}},"loc":{"start":{"line":66,"column":57},"end":{"line":82,"column":1}}},"2":{"name":"(anonymous_3)","decl":{"start":{"line":76,"column":19},"end":{"line":76,"column":23}},"loc":{"start":{"line":76,"column":28},"end":{"line":81,"column":4}}},"3":{"name":"parseAlertFeed","decl":{"start":{"line":87,"column":22},"end":{"line":87,"column":36}},"loc":{"start":{"line":87,"column":54},"end":{"line":95,"column":1}}},"4":{"name":"(anonymous_5)","decl":{"start":{"line":90,"column":23},"end":{"line":90,"column":31}},"loc":{"start":{"line":90,"column":36},"end":{"line":94,"column":4}}},"5":{"name":"extractSeverity","decl":{"start":{"line":100,"column":9},"end":{"line":100,"column":24}},"loc":{"start":{"line":100,"column":44},"end":{"line":103,"column":1}}},"6":{"name":"extractRegions","decl":{"start":{"line":108,"column":9},"end":{"line":108,"column":23}},"loc":{"start":{"line":108,"column":43},"end":{"line":118,"column":1}}},"7":{"name":"(anonymous_8)","decl":{"start":{"line":114,"column":46},"end":{"line":114,"column":47}},"loc":{"start":{"line":114,"column":51},"end":{"line":114,"column":59}}},"8":{"name":"parseXMLFile","decl":{"start":{"line":123,"column":22},"end":{"line":123,"column":34}},"loc":{"start":{"line":123,"column":51},"end":{"line":130,"column":1}}},"9":{"name":"getCityForecast","decl":{"start":{"line":135,"column":22},"end":{"line":135,"column":37}},"loc":{"start":{"line":137,"column":21},"end":{"line":143,"column":1}}},"10":{"name":"getCountryForecast","decl":{"start":{"line":148,"column":22},"end":{"line":148,"column":40}},"loc":{"start":{"line":149,"column":21},"end":{"line":153,"column":1}}},"11":{"name":"getSeaForecast","decl":{"start":{"line":158,"column":22},"end":{"line":158,"column":36}},"loc":{"start":{"line":160,"column":21},"end":{"line":166,"column":1}}},"12":{"name":"getUVIForecast","decl":{"start":{"line":171,"column":22},"end":{"line":171,"column":36}},"loc":{"start":{"line":172,"column":21},"end":{"line":176,"column":1}}},"13":{"name":"getAllAlerts","decl":{"start":{"line":181,"column":22},"end":{"line":181,"column":34}},"loc":{"start":{"line":182,"column":21},"end":{"line":220,"column":1}}},"14":{"name":"xmlFileExists","decl":{"start":{"line":225,"column":16},"end":{"line":225,"column":29}},"loc":{"start":{"line":225,"column":67},"end":{"line":228,"column":1}}}},"branchMap":{"0":{"loc":{"start":{"line":59,"column":42},"end":{"line":59,"column":96}},"type":"cond-expr","locations":[{"start":{"line":59,"column":67},"end":{"line":59,"column":80}},{"start":{"line":59,"column":83},"end":{"line":59,"column":96}}]},"1":{"loc":{"start":{"line":69,"column":2},"end":{"line":71,"column":3}},"type":"if","locations":[{"start":{"line":69,"column":2},"end":{"line":71,"column":3}},{"start":{},"end":{}}]},"2":{"loc":{"start":{"line":69,"column":6},"end":{"line":69,"column":66}},"type":"binary-expr","locations":[{"start":{"line":69,"column":6},"end":{"line":69,"column":17}},{"start":{"line":69,"column":21},"end":{"line":69,"column":40}},{"start":{"line":69,"column":44},"end":{"line":69,"column":66}}]},"3":{"loc":{"start":{"line":74,"column":16},"end":{"line":74,"column":34}},"type":"binary-expr","locations":[{"start":{"line":74,"column":16},"end":{"line":74,"column":28}},{"start":{"line":74,"column":32},"end":{"line":74,"column":34}}]},"4":{"loc":{"start":{"line":77,"column":11},"end":{"line":77,"column":42}},"type":"cond-expr","locations":[{"start":{"line":77,"column":24},"end":{"line":77,"column":37}},{"start":{"line":77,"column":40},"end":{"line":77,"column":42}}]},"5":{"loc":{"start":{"line":78,"column":17},"end":{"line":78,"column":60}},"type":"cond-expr","locations":[{"start":{"line":78,"column":36},"end":{"line":78,"column":55}},{"start":{"line":78,"column":58},"end":{"line":78,"column":60}}]},"6":{"loc":{"start":{"line":79,"column":13},"end":{"line":79,"column":48}},"type":"cond-expr","locations":[{"start":{"line":79,"column":28},"end":{"line":79,"column":43}},{"start":{"line":79,"column":46},"end":{"line":79,"column":48}}]},"7":{"loc":{"start":{"line":80,"column":10},"end":{"line":80,"column":46}},"type":"cond-expr","locations":[{"start":{"line":80,"column":22},"end":{"line":80,"column":34}},{"start":{"line":80,"column":37},"end":{"line":80,"column":46}}]},"8":{"loc":{"start":{"line":102,"column":9},"end":{"line":102,"column":67}},"type":"cond-expr","locations":[{"start":{"line":102,"column":25},"end":{"line":102,"column":55}},{"start":{"line":102,"column":58},"end":{"line":102,"column":67}}]},"9":{"loc":{"start":{"line":112,"column":2},"end":{"line":115,"column":3}},"type":"if","locations":[{"start":{"line":112,"column":2},"end":{"line":115,"column":3}},{"start":{},"end":{}}]},"10":{"loc":{"start":{"line":124,"column":2},"end":{"line":126,"column":3}},"type":"if","locations":[{"start":{"line":124,"column":2},"end":{"line":126,"column":3}},{"start":{},"end":{}}]},"11":{"loc":{"start":{"line":204,"column":4},"end":{"line":216,"column":5}},"type":"if","locations":[{"start":{"line":204,"column":4},"end":{"line":216,"column":5}},{"start":{},"end":{}}]},"12":{"loc":{"start":{"line":210,"column":8},"end":{"line":212,"column":9}},"type":"if","locations":[{"start":{"line":210,"column":8},"end":{"line":212,"column":9}},{"start":{},"end":{}}]},"13":{"loc":{"start":{"line":210,"column":12},"end":{"line":210,"column":68}},"type":"binary-expr","locations":[{"start":{"line":210,"column":12},"end":{"line":210,"column":29}},{"start":{"line":210,"column":33},"end":{"line":210,"column":68}}]}},"s":{"0":1,"1":1,"2":1,"3":1,"4":1,"5":1,"6":1,"7":1,"8":1,"9":1,"10":1,"11":1,"12":7,"13":7,"14":7,"15":1,"16":5,"17":5,"18":1,"19":4,"20":4,"21":4,"22":16,"23":0,"24":0,"25":0,"26":0,"27":0,"28":0,"29":0,"30":0,"31":0,"32":0,"33":0,"34":0,"35":4,"36":2,"37":2,"38":2,"39":4,"40":4,"41":4,"42":0,"43":0,"44":0,"45":0,"46":0,"47":0,"48":0,"49":0,"50":0,"51":0,"52":0,"53":0,"54":0,"55":0,"56":0,"57":0,"58":0,"59":0,"60":0,"61":0,"62":0},"f":{"0":7,"1":5,"2":16,"3":0,"4":0,"5":0,"6":0,"7":0,"8":4,"9":4,"10":0,"11":0,"12":0,"13":0,"14":0},"b":{"0":[1,0],"1":[1,4],"2":[5,5,5],"3":[4,0],"4":[16,0],"5":[16,0],"6":[16,0],"7":[0,16],"8":[0,0],"9":[0,0],"10":[2,2],"11":[0,0],"12":[0,0],"13":[0,0]}}
}
