TN:
SF:src/cache.ts
FN:50,initCache
FN:62,getCacheKey
FN:76,getCacheFilePath
FN:83,isExpired
FN:90,getFromMemory
FN:108,setInMemory
FN:119,getFromFile
FN:143,setInFile
FN:182,get
FN:242,set
FN:258,clear
FN:267,(anonymous_12)
FN:278,getStats
FNF:13
FNH:0
FNDA:0,initCache
FNDA:0,getCacheKey
FNDA:0,getCacheFilePath
FNDA:0,isExpired
FNDA:0,getFromMemory
FNDA:0,setInMemory
FNDA:0,getFromFile
FNDA:0,setInFile
FNDA:0,get
FNDA:0,set
FNDA:0,clear
FNDA:0,(anonymous_12)
FNDA:0,getStats
DA:1,0
DA:2,0
DA:36,0
DA:39,0
DA:42,0
DA:50,0
DA:51,0
DA:52,0
DA:53,0
DA:55,0
DA:63,0
DA:64,0
DA:66,0
DA:67,0
DA:68,0
DA:70,0
DA:77,0
DA:84,0
DA:91,0
DA:92,0
DA:93,0
DA:96,0
DA:97,0
DA:98,0
DA:101,0
DA:102,0
DA:109,0
DA:113,0
DA:120,0
DA:121,0
DA:122,0
DA:123,0
DA:125,0
DA:126,0
DA:127,0
DA:130,0
DA:132,0
DA:133,0
DA:136,0
DA:144,0
DA:145,0
DA:146,0
DA:150,0
DA:151,0
DA:153,0
DA:182,0
DA:187,0
DA:188,0
DA:191,0
DA:194,0
DA:195,0
DA:196,0
DA:200,0
DA:201,0
DA:202,0
DA:205,0
DA:208,0
DA:209,0
DA:210,0
DA:211,0
DA:214,0
DA:215,0
DA:216,0
DA:220,0
DA:221,0
DA:225,0
DA:226,0
DA:228,0
DA:230,0
DA:232,0
DA:236,0
DA:242,0
DA:247,0
DA:248,0
DA:251,0
DA:252,0
DA:258,0
DA:260,0
DA:261,0
DA:264,0
DA:265,0
DA:266,0
DA:267,0
DA:269,0
DA:271,0
DA:278,0
DA:279,0
DA:281,0
DA:282,0
DA:284,0
DA:285,0
DA:286,0
DA:288,0
DA:289,0
DA:290,0
DA:291,0
DA:297,0
LF:97
LH:0
BRDA:62,0,0,0
BRDA:63,1,0,0
BRDA:63,1,1,0
BRDA:66,2,0,0
BRDA:66,2,1,0
BRDA:92,3,0,0
BRDA:92,3,1,0
BRDA:96,4,0,0
BRDA:96,4,1,0
BRDA:125,5,0,0
BRDA:125,5,1,0
BRDA:184,6,0,0
BRDA:185,7,0,0
BRDA:188,8,0,0
BRDA:188,8,1,0
BRDA:191,9,0,0
BRDA:191,9,1,0
BRDA:195,10,0,0
BRDA:195,10,1,0
BRDA:201,11,0,0
BRDA:201,11,1,0
BRDA:208,12,0,0
BRDA:208,12,1,0
BRDA:208,13,0,0
BRDA:208,13,1,0
BRDA:214,14,0,0
BRDA:214,14,1,0
BRDA:214,15,0,0
BRDA:214,15,1,0
BRDA:220,16,0,0
BRDA:220,16,1,0
BRDA:220,17,0,0
BRDA:220,17,1,0
BRDA:245,18,0,0
BRDA:248,19,0,0
BRDA:248,19,1,0
BRF:36
BRH:0
end_of_record
TN:
SF:src/cityStationMapping.ts
FN:116,calculateDistance
FN:141,findNearestCity
FN:176,getCityById
FN:177,(anonymous_3)
FN:183,getAllCities
FNF:5
FNH:0
FNDA:0,calculateDistance
FNDA:0,findNearestCity
FNDA:0,getCityById
FNDA:0,(anonymous_3)
FNDA:0,getAllCities
DA:20,0
DA:122,0
DA:123,0
DA:124,0
DA:126,0
DA:131,0
DA:132,0
DA:141,0
DA:145,0
DA:146,0
DA:148,0
DA:149,0
DA:156,0
DA:157,0
DA:158,0
DA:162,0
DA:164,0
DA:167,0
DA:176,0
DA:177,0
DA:183,0
DA:184,0
LF:22
LH:0
BRDA:156,0,0,0
BRDA:156,0,1,0
BRDA:162,1,0,0
BRDA:162,1,1,0
BRF:4
BRH:0
end_of_record
TN:
SF:src/config.ts
FNF:0
FNH:0
DA:7,0
DA:11,0
DA:14,0
DA:22,0
DA:23,0
DA:24,0
DA:25,0
LF:7
LH:0
BRDA:15,0,0,0
BRDA:15,0,1,0
BRDA:16,1,0,0
BRDA:16,1,1,0
BRDA:18,2,0,0
BRDA:18,2,1,0
BRDA:22,3,0,0
BRDA:22,3,1,0
BRF:8
BRH:0
end_of_record
TN:
SF:src/forecastAdapter.ts
FN:26,extractTemperature
FN:50,extractHumidity
FN:63,extractWindSpeed
FN:94,extractWindDirection
FN:123,extractRainfall
FN:141,extractDate
FN:168,extractForecastData
FN:189,convertToHourlyFormat
FN:224,convertToDailyFormat
FN:252,createFallbackResponse
FN:263,formatForecastResponse
FNF:11
FNH:0
FNDA:0,extractTemperature
FNDA:0,extractHumidity
FNDA:0,extractWindSpeed
FNDA:0,extractWindDirection
FNDA:0,extractRainfall
FNDA:0,extractDate
FNDA:0,extractForecastData
FNDA:0,convertToHourlyFormat
FNDA:0,convertToDailyFormat
FNDA:0,createFallbackResponse
FNDA:0,formatForecastResponse
DA:28,0
DA:29,0
DA:30,0
DA:31,0
DA:32,0
DA:33,0
DA:37,0
DA:38,0
DA:39,0
DA:40,0
DA:43,0
DA:51,0
DA:52,0
DA:53,0
DA:55,0
DA:65,0
DA:66,0
DA:67,0
DA:68,0
DA:69,0
DA:73,0
DA:74,0
DA:75,0
DA:76,0
DA:77,0
DA:81,0
DA:82,0
DA:83,0
DA:86,0
DA:95,0
DA:106,0
DA:108,0
DA:109,0
DA:110,0
DA:111,0
DA:112,0
DA:116,0
DA:124,0
DA:125,0
DA:126,0
DA:130,0
DA:131,0
DA:134,0
DA:143,0
DA:144,0
DA:145,0
DA:149,0
DA:150,0
DA:151,0
DA:156,0
DA:157,0
DA:158,0
DA:159,0
DA:162,0
DA:168,0
DA:169,0
DA:170,0
DA:172,0
DA:189,0
DA:193,0
DA:196,0
DA:197,0
DA:198,0
DA:200,0
DA:203,0
DA:204,0
DA:205,0
DA:207,0
DA:218,0
DA:224,0
DA:227,0
DA:229,0
DA:230,0
DA:233,0
DA:235,0
DA:246,0
DA:252,0
DA:253,0
DA:263,0
DA:271,0
DA:280,0
DA:281,0
DA:283,0
DA:286,0
LF:84
LH:0
BRDA:29,0,0,0
BRDA:29,0,1,0
BRDA:38,1,0,0
BRDA:38,1,1,0
BRDA:39,2,0,0
BRDA:39,2,1,0
BRDA:52,3,0,0
BRDA:52,3,1,0
BRDA:53,4,0,0
BRDA:53,4,1,0
BRDA:53,4,2,0
BRDA:66,5,0,0
BRDA:66,5,1,0
BRDA:74,6,0,0
BRDA:74,6,1,0
BRDA:82,7,0,0
BRDA:82,7,1,0
BRDA:108,8,0,0
BRDA:108,8,1,0
BRDA:111,9,0,0
BRDA:111,9,1,0
BRDA:125,10,0,0
BRDA:125,10,1,0
BRDA:130,11,0,0
BRDA:130,11,1,0
BRDA:144,12,0,0
BRDA:144,12,1,0
BRDA:150,13,0,0
BRDA:150,13,1,0
BRDA:196,14,0,0
BRDA:196,14,1,0
BRDA:196,15,0,0
BRDA:196,15,1,0
BRDA:209,16,0,0
BRDA:209,16,1,0
BRDA:210,17,0,0
BRDA:210,17,1,0
BRDA:211,18,0,0
BRDA:211,18,1,0
BRDA:212,19,0,0
BRDA:212,19,1,0
BRDA:213,20,0,0
BRDA:213,20,1,0
BRDA:233,21,0,0
BRDA:233,21,1,0
BRDA:233,21,2,0
BRDA:237,22,0,0
BRDA:237,22,1,0
BRDA:237,22,2,0
BRDA:238,23,0,0
BRDA:238,23,1,0
BRDA:238,23,2,0
BRDA:239,24,0,0
BRDA:239,24,1,0
BRDA:240,25,0,0
BRDA:240,25,1,0
BRDA:241,26,0,0
BRDA:241,26,1,0
BRDA:242,27,0,0
BRDA:242,27,1,0
BRDA:280,28,0,0
BRDA:280,28,1,0
BRF:62
BRH:0
end_of_record
TN:
SF:src/imsApi.ts
FN:69,getStations
FN:91,getStationData
FN:124,getStationDataMultiChannel
FN:130,(anonymous_4)
FN:141,(anonymous_5)
FNF:5
FNH:0
FNDA:0,getStations
FNDA:0,getStationData
FNDA:0,getStationDataMultiChannel
FNDA:0,(anonymous_4)
FNDA:0,(anonymous_5)
DA:6,0
DA:7,0
DA:9,0
DA:10,0
DA:69,0
DA:70,0
DA:76,0
DA:77,0
DA:80,0
DA:91,0
DA:97,0
DA:99,0
DA:105,0
DA:106,0
DA:109,0
DA:110,0
DA:113,0
DA:124,0
DA:130,0
DA:131,0
DA:132,0
DA:133,0
DA:136,0
DA:140,0
DA:141,0
LF:25
LH:0
BRDA:76,0,0,0
BRDA:76,0,1,0
BRDA:105,1,0,0
BRDA:105,1,1,0
BRDA:109,2,0,0
BRDA:109,2,1,0
BRF:6
BRH:0
end_of_record
TN:
SF:src/mockForecast.ts
FN:16,generateMockDailyForecast
FN:68,generateMockHourlyForecast
FN:124,generateMockForecast
FNF:3
FNH:3
FNDA:7,generateMockDailyForecast
FNDA:6,generateMockHourlyForecast
FNDA:3,generateMockForecast
DA:16,1
DA:21,7
DA:22,7
DA:23,7
DA:25,7
DA:26,7
DA:28,7
DA:29,50
DA:32,50
DA:33,50
DA:35,50
DA:36,50
DA:37,50
DA:40,50
DA:41,50
DA:42,50
DA:44,50
DA:54,50
DA:55,50
DA:58,7
DA:68,1
DA:73,6
DA:74,6
DA:75,6
DA:77,6
DA:79,6
DA:80,192
DA:81,192
DA:82,192
DA:83,192
DA:84,192
DA:87,192
DA:88,192
DA:89,192
DA:92,192
DA:95,192
DA:96,192
DA:99,192
DA:101,192
DA:110,192
DA:113,6
DA:124,1
DA:130,3
DA:131,1
DA:133,2
LF:45
LH:45
BRDA:19,0,0,0
BRDA:42,1,0,19
BRDA:42,1,1,31
BRDA:71,2,0,0
BRDA:99,3,0,18
BRDA:99,3,1,174
BRDA:128,4,0,0
BRDA:130,5,0,1
BRDA:130,5,1,2
BRF:9
BRH:6
end_of_record
TN:
SF:src/utils.ts
FN:61,calculateDistance
FN:86,toRadians
FN:96,getDateRange
FN:130,getForecastDateRange
FN:164,aggregateHourly
FN:167,(anonymous_5)
FN:170,(anonymous_6)
FN:199,(anonymous_7)
FN:201,(anonymous_8)
FN:202,(anonymous_9)
FN:203,(anonymous_10)
FN:204,(anonymous_11)
FN:205,(anonymous_12)
FN:206,(anonymous_13)
FN:214,aggregateDaily
FN:218,(anonymous_15)
FN:221,(anonymous_16)
FN:259,(anonymous_17)
FN:264,(anonymous_18)
FN:265,(anonymous_19)
FN:266,(anonymous_20)
FN:267,(anonymous_21)
FNF:22
FNH:6
FNDA:3,calculateDistance
FNDA:12,toRadians
FNDA:2,getDateRange
FNDA:4,getForecastDateRange
FNDA:1,aggregateHourly
FNDA:0,(anonymous_5)
FNDA:0,(anonymous_6)
FNDA:0,(anonymous_7)
FNDA:0,(anonymous_8)
FNDA:0,(anonymous_9)
FNDA:0,(anonymous_10)
FNDA:0,(anonymous_11)
FNDA:0,(anonymous_12)
FNDA:0,(anonymous_13)
FNDA:1,aggregateDaily
FNDA:0,(anonymous_15)
FNDA:0,(anonymous_16)
FNDA:0,(anonymous_17)
FNDA:0,(anonymous_18)
FNDA:0,(anonymous_19)
FNDA:0,(anonymous_20)
FNDA:0,(anonymous_21)
DA:61,1
DA:67,3
DA:68,3
DA:69,3
DA:71,3
DA:75,3
DA:76,3
DA:78,3
DA:86,1
DA:87,12
DA:96,1
DA:97,2
DA:99,2
DA:100,2
DA:102,2
DA:105,1
DA:106,1
DA:109,1
DA:110,1
DA:113,0
DA:114,0
DA:116,0
DA:119,2
DA:130,1
DA:131,4
DA:133,4
DA:134,4
DA:136,4
DA:139,1
DA:140,1
DA:143,1
DA:144,1
DA:147,1
DA:148,1
DA:150,1
DA:153,4
DA:164,1
DA:165,1
DA:167,1
DA:168,0
DA:170,0
DA:171,0
DA:172,0
DA:174,0
DA:175,0
DA:185,0
DA:186,0
DA:187,0
DA:188,0
DA:189,0
DA:190,0
DA:191,0
DA:192,0
DA:199,1
DA:201,0
DA:202,0
DA:203,0
DA:204,0
DA:205,0
DA:206,0
DA:214,1
DA:215,1
DA:218,1
DA:219,0
DA:221,0
DA:222,0
DA:223,0
DA:225,0
DA:226,0
DA:237,0
DA:238,0
DA:239,0
DA:241,0
DA:243,0
DA:245,0
DA:246,0
DA:247,0
DA:249,0
DA:250,0
DA:251,0
DA:252,0
DA:259,1
DA:264,0
DA:265,0
DA:266,0
DA:267,0
LF:86
LH:41
BRDA:102,0,0,1
BRDA:102,0,1,1
BRDA:102,0,2,0
BRDA:102,0,3,0
BRDA:136,1,0,1
BRDA:136,1,1,1
BRDA:136,1,2,1
BRDA:136,1,3,1
BRDA:168,2,0,0
BRDA:168,2,1,0
BRDA:168,3,0,0
BRDA:168,3,1,0
BRDA:174,4,0,0
BRDA:174,4,1,0
BRDA:185,5,0,0
BRDA:185,5,1,0
BRDA:185,6,0,0
BRDA:185,6,1,0
BRDA:187,7,0,0
BRDA:187,7,1,0
BRDA:187,7,2,0
BRDA:187,7,3,0
BRDA:187,7,4,0
BRDA:201,8,0,0
BRDA:201,8,1,0
BRDA:202,9,0,0
BRDA:202,9,1,0
BRDA:203,10,0,0
BRDA:203,10,1,0
BRDA:204,11,0,0
BRDA:204,11,1,0
BRDA:205,12,0,0
BRDA:205,12,1,0
BRDA:219,13,0,0
BRDA:219,13,1,0
BRDA:219,14,0,0
BRDA:219,14,1,0
BRDA:225,15,0,0
BRDA:225,15,1,0
BRDA:237,16,0,0
BRDA:237,16,1,0
BRDA:237,17,0,0
BRDA:237,17,1,0
BRDA:241,18,0,0
BRDA:241,18,1,0
BRDA:241,18,2,0
BRDA:241,18,3,0
BRDA:245,19,0,0
BRDA:245,19,1,0
BRDA:245,20,0,0
BRDA:245,20,1,0
BRDA:261,21,0,0
BRDA:261,21,1,0
BRDA:262,22,0,0
BRDA:262,22,1,0
BRDA:263,23,0,0
BRDA:263,23,1,0
BRDA:264,24,0,0
BRDA:264,24,1,0
BRDA:265,25,0,0
BRDA:265,25,1,0
BRDA:266,26,0,0
BRDA:266,26,1,0
BRF:63
BRH:6
end_of_record
TN:
SF:src/xmlDataManager.ts
FN:22,getDataStatus
FN:104,ensureFreshData
FN:155,getStatusMessage
FN:177,needsUrgentRefresh
FNF:4
FNH:0
FNDA:0,getDataStatus
FNDA:0,ensureFreshData
FNDA:0,getStatusMessage
FNDA:0,needsUrgentRefresh
DA:6,0
DA:7,0
DA:22,0
DA:23,0
DA:25,0
DA:26,0
DA:36,0
DA:38,0
DA:39,0
DA:41,0
DA:42,0
DA:43,0
DA:53,0
DA:54,0
DA:55,0
DA:57,0
DA:58,0
DA:59,0
DA:69,0
DA:70,0
DA:74,0
DA:75,0
DA:76,0
DA:78,0
DA:87,0
DA:88,0
DA:104,0
DA:105,0
DA:107,0
DA:108,0
DA:109,0
DA:110,0
DA:111,0
DA:113,0
DA:114,0
DA:116,0
DA:119,0
DA:120,0
DA:121,0
DA:122,0
DA:123,0
DA:124,0
DA:126,0
DA:127,0
DA:129,0
DA:132,0
DA:133,0
DA:134,0
DA:135,0
DA:136,0
DA:137,0
DA:138,0
DA:140,0
DA:141,0
DA:144,0
DA:147,0
DA:148,0
DA:155,0
DA:156,0
DA:158,0
DA:159,0
DA:162,0
DA:163,0
DA:166,0
DA:167,0
DA:170,0
DA:177,0
DA:178,0
DA:179,0
LF:69
LH:0
BRDA:25,0,0,0
BRDA:25,0,1,0
BRDA:41,1,0,0
BRDA:41,1,1,0
BRDA:57,2,0,0
BRDA:57,2,1,0
BRDA:76,3,0,0
BRDA:76,3,1,0
BRDA:104,4,0,0
BRDA:107,5,0,0
BRDA:107,5,1,0
BRDA:119,6,0,0
BRDA:119,6,1,0
BRDA:132,7,0,0
BRDA:132,7,1,0
BRDA:133,8,0,0
BRDA:133,8,1,0
BRDA:147,9,0,0
BRDA:147,9,1,0
BRDA:158,10,0,0
BRDA:158,10,1,0
BRDA:162,11,0,0
BRDA:162,11,1,0
BRDA:166,12,0,0
BRDA:166,12,1,0
BRDA:179,13,0,0
BRDA:179,13,1,0
BRDA:179,13,2,0
BRF:28
BRH:0
end_of_record
TN:
SF:src/xmlDownloader.ts
FN:256,createTimestampedDirectory
FN:282,downloadFeed
FN:327,downloadAllFeeds
FN:339,(anonymous_4)
FN:342,(anonymous_5)
FN:343,(anonymous_6)
FN:370,getMostRecentDownloadDir
FN:378,(anonymous_8)
FN:388,(anonymous_9)
FN:402,cleanOldDownloads
FN:414,(anonymous_11)
FNF:11
FNH:0
FNDA:0,createTimestampedDirectory
FNDA:0,downloadFeed
FNDA:0,downloadAllFeeds
FNDA:0,(anonymous_4)
FNDA:0,(anonymous_5)
FNDA:0,(anonymous_6)
FNDA:0,getMostRecentDownloadDir
FNDA:0,(anonymous_8)
FNDA:0,(anonymous_9)
FNDA:0,cleanOldDownloads
FNDA:0,(anonymous_11)
DA:6,0
DA:7,0
DA:8,0
DA:22,0
DA:256,0
DA:257,0
DA:258,0
DA:259,0
DA:261,0
DA:262,0
DA:263,0
DA:266,0
DA:267,0
DA:269,0
DA:270,0
DA:272,0
DA:273,0
DA:276,0
DA:286,0
DA:287,0
DA:289,0
DA:291,0
DA:292,0
DA:299,0
DA:300,0
DA:302,0
DA:304,0
DA:306,0
DA:308,0
DA:315,0
DA:316,0
DA:327,0
DA:328,0
DA:329,0
DA:331,0
DA:334,0
DA:335,0
DA:336,0
DA:339,0
DA:342,0
DA:343,0
DA:345,0
DA:355,0
DA:356,0
DA:358,0
DA:359,0
DA:360,0
DA:361,0
DA:362,0
DA:364,0
DA:370,0
DA:371,0
DA:373,0
DA:374,0
DA:377,0
DA:378,0
DA:382,0
DA:383,0
DA:386,0
DA:387,0
DA:388,0
DA:392,0
DA:393,0
DA:396,0
DA:402,0
DA:403,0
DA:405,0
DA:406,0
DA:409,0
DA:410,0
DA:411,0
DA:413,0
DA:414,0
DA:416,0
DA:417,0
DA:418,0
DA:419,0
DA:420,0
LF:78
LH:0
BRDA:266,0,0,0
BRDA:266,0,1,0
BRDA:269,1,0,0
BRDA:269,1,1,0
BRDA:272,2,0,0
BRDA:272,2,1,0
BRDA:291,3,0,0
BRDA:291,3,1,0
BRDA:319,4,0,0
BRDA:319,4,1,0
BRDA:373,5,0,0
BRDA:373,5,1,0
BRDA:382,6,0,0
BRDA:382,6,1,0
BRDA:392,7,0,0
BRDA:392,7,1,0
BRDA:402,8,0,0
BRDA:405,9,0,0
BRDA:405,9,1,0
BRDA:417,10,0,0
BRDA:417,10,1,0
BRF:21
BRH:0
end_of_record
TN:
SF:src/xmlParser.ts
FN:49,parseXML
FN:66,parseForecastFeed
FN:76,(anonymous_3)
FN:87,parseAlertFeed
FN:90,(anonymous_5)
FN:100,extractSeverity
FN:108,extractRegions
FN:114,(anonymous_8)
FN:123,parseXMLFile
FN:135,getCityForecast
FN:148,getCountryForecast
FN:158,getSeaForecast
FN:171,getUVIForecast
FN:181,getAllAlerts
FN:225,xmlFileExists
FNF:15
FNH:5
FNDA:7,parseXML
FNDA:5,parseForecastFeed
FNDA:16,(anonymous_3)
FNDA:0,parseAlertFeed
FNDA:0,(anonymous_5)
FNDA:0,extractSeverity
FNDA:0,extractRegions
FNDA:0,(anonymous_8)
FNDA:4,parseXMLFile
FNDA:4,getCityForecast
FNDA:0,getCountryForecast
FNDA:0,getSeaForecast
FNDA:0,getUVIForecast
FNDA:0,getAllAlerts
FNDA:0,xmlFileExists
DA:6,1
DA:7,1
DA:49,1
DA:50,7
DA:56,7
DA:57,7
DA:59,1
DA:66,1
DA:67,5
DA:69,5
DA:70,1
DA:73,4
DA:74,4
DA:76,16
DA:87,1
DA:88,0
DA:90,0
DA:101,0
DA:102,0
DA:109,0
DA:110,0
DA:112,0
DA:113,0
DA:114,0
DA:117,0
DA:123,1
DA:124,4
DA:125,2
DA:128,2
DA:129,2
DA:135,1
DA:139,4
DA:140,4
DA:142,4
DA:148,1
DA:151,0
DA:152,0
DA:158,1
DA:162,0
DA:163,0
DA:165,0
DA:171,1
DA:174,0
DA:175,0
DA:181,1
DA:184,0
DA:199,0
DA:201,0
DA:202,0
DA:204,0
DA:205,0
DA:206,0
DA:207,0
DA:210,0
DA:211,0
DA:214,0
DA:219,0
DA:225,1
DA:226,0
DA:227,0
LF:60
LH:29
BRDA:59,0,0,1
BRDA:59,0,1,0
BRDA:69,1,0,1
BRDA:69,1,1,4
BRDA:69,2,0,5
BRDA:69,2,1,5
BRDA:69,2,2,5
BRDA:74,3,0,4
BRDA:74,3,1,0
BRDA:77,4,0,16
BRDA:77,4,1,0
BRDA:78,5,0,16
BRDA:78,5,1,0
BRDA:79,6,0,16
BRDA:79,6,1,0
BRDA:80,7,0,0
BRDA:80,7,1,16
BRDA:102,8,0,0
BRDA:102,8,1,0
BRDA:112,9,0,0
BRDA:112,9,1,0
BRDA:124,10,0,2
BRDA:124,10,1,2
BRDA:204,11,0,0
BRDA:204,11,1,0
BRDA:210,12,0,0
BRDA:210,12,1,0
BRDA:210,13,0,0
BRDA:210,13,1,0
BRF:29
BRH:13
end_of_record
